Tau :  0.1
----- [0.0, -1] [0.09999999999999999, -1]
[0.0264390817997446, 0.07123868866333959]

 0.9861633107271086 0.9240719255651624 

Accuracy DIFF:  0.026109325236005176
TPR DIFF :  0.06192335461316312
FDR tau :  0.7610499868882136
Accuracy :  7025 17254 0.5928480352382056
SR tau :  0.8986088174563441
FPR tau :  0.964287998982111
FNR tau :  0.8426200455844859
TPR tau :  0.9073640618094015
TNR tau :  0.9698982218313635
AR tau :  0.9562127596914798
FOR tau :  0.7736413061416586
PPR tau :  0.7426217660793147
NPR tau :  0.8936362382338063


Tau :  0.2
----- [0.0, -1] [0.049999999999999996, -1]
[0.02375621860277701, 0.07178075943669701]

 0.9861633107271086 0.9240719255651624 

----- [0.1, -1] [0.5499999999999999, -1]
[0.07940015493292814, 0.07887855341615532]

 0.9834757595481555 0.9173318533429183 

Accuracy DIFF:  0.026109325236005176
TPR DIFF :  0.06206870345037241
FDR tau :  0.761069978555769
Accuracy :  7025 17254 0.5928480352382056
SR tau :  0.898394121764681
FPR tau :  0.9640322875000155
FNR tau :  0.842250637410183
TPR tau :  0.9071668087524865
TNR tau :  0.9696746399452797
AR tau :  0.9562127596914798
FOR tau :  0.7737467561729835
PPR tau :  0.7426377576383312
NPR tau :  0.893700277210143


Tau :  0.3
----- [0.0, -1] [0.03333333333333333, -1]
[0.02282493640721392, 0.07225334605813077]

 0.986142314233523 0.9239506987076893 

----- [0.1, -1] [0.3666666666666667, -1]
[0.8118965736655335, -0.039318018158760286]

 0.9292628131102106 0.5454741163244534 

----- [0.2, -1] [0.7, -1]
[0.8456958246226807, -0.03427843221484778]

 0.9252734793289521 0.5526351832315125 

Accuracy DIFF:  0.026417191417152597
TPR DIFF :  0.06337589299285606
FDR tau :  0.7606221724857138
Accuracy :  7028 17254 0.5926741625130405
SR tau :  0.8973895730286767
FPR tau :  0.9635212711801109
FNR tau :  0.8394617280147851
TPR tau :  0.9052117078715544
TNR tau :  0.9692274761731122
AR tau :  0.9556865288236952
FOR tau :  0.7753959012575686
PPR tau :  0.741866771279853
NPR tau :  0.8943496883455476


Tau :  0.4
----- [0.0, -1] [0.024999999999999998, -1]
[0.022263070002657752, 0.07184519516089123]

 0.9861633107271086 0.9240719255651624 

----- [0.1, -1] [0.27499999999999997, -1]
[0.814609537741766, -0.04234012856253997]

 0.9293258025909673 0.5451184341933082 

----- [0.2, -1] [0.5249999999999999, -1]
[0.8485958753747327, -0.03752281002592427]

 0.9281080059630041 0.5485329826523032 

----- [0.3, -1] [0.7749999999999999, -1]
[0.885119112451251, -0.03827635055887276]

 0.9081193440695404 0.5729564889909482 

Accuracy DIFF:  0.027125377854504862
TPR DIFF :  0.06468308253533972
FDR tau :  0.7595097736516832
Accuracy :  7025 17254 0.5928480352382056
SR tau :  0.8970281511107745
FPR tau :  0.9645438461561577
FNR tau :  0.8366912272622611
TPR tau :  0.9032566069906224
TNR tau :  0.9701218037174473
AR tau :  0.9545189435861596
FOR tau :  0.7777455907673694
PPR tau :  0.7405627274468494
NPR tau :  0.8954256630560682


Tau :  0.5
----- [0.0, -1] [0.02, -1]
[0.021945664402411087, 0.07177007838323557]

 0.9861633107271086 0.9240719255651624 

----- [0.1, -1] [0.22, -1]
[0.8159928101934167, -0.04514962168463511]

 0.9293467990845529 0.5449524491987737 

----- [0.2, -1] [0.42, -1]
[0.8498265070313995, -0.04455551305006921]

 0.9291368341486972 0.5457112377452171 

----- [0.3, -1] [0.62, -1]
[0.887729614060222, -0.0401539058426008]

 0.914943204484851 0.5650129213953694 

----- [0.4, -1] [0.8200000000000001, -1]
[0.9249251563997092, -0.04254046701331214]

 0.8809708778633968 0.6041853801055066 

Accuracy DIFF:  0.027258817939906477
TPR DIFF :  0.06468308253533972
FDR tau :  0.7592881963405731
Accuracy :  7023 17254 0.5929639503883157
SR tau :  0.8972425716082315
FPR tau :  0.9650559480123596
FNR tau :  0.8366912272622611
TPR tau :  0.9032566069906224
TNR tau :  0.9705689674896147
AR tau :  0.9543054285557188
FOR tau :  0.7779805947228815
PPR tau :  0.7403857498563493
NPR tau :  0.8955677915460032


Tau :  0.6
----- [0.0, -1] [0.016666666666666666, -1]
[0.021740530426241054, 0.07177773800760238]

 0.9861633107271086 0.9240719255651624 

----- [0.1, -1] [0.18333333333333335, -1]
[0.8167359659538448, -0.047783152437333054]

 0.9293677955781384 0.5449287370566974 

----- [0.2, -1] [0.35, -1]
[0.8511014710879122, -0.048792420066772556]

 0.9292838096037962 0.5453555556140717 

----- [0.3, -1] [0.5166666666666667, -1]
[0.8893296717996417, -0.04242464225046926]

 0.9213681315220358 0.5573301873626306 

----- [0.4, -1] [0.6833333333333335, -1]
[0.9271781569856931, -0.044250131640903835]

 0.8892644928296974 0.5946768111328886 

----- [0.5, -1] [0.8500000000000001, -1]
[0.9649420996865021, -0.04724955891831248]

 0.8666302727444517 0.6211869859742527 

Accuracy DIFF:  0.027258817939906477
TPR DIFF :  0.06468308253533972
FDR tau :  0.7592881963405731
Accuracy :  7023 17254 0.5929639503883157
SR tau :  0.8972425716082315
FPR tau :  0.9650559480123596
FNR tau :  0.8366912272622611
TPR tau :  0.9032566069906224
TNR tau :  0.9705689674896147
AR tau :  0.9543054285557188
FOR tau :  0.7779805947228815
PPR tau :  0.7403857498563493
NPR tau :  0.8955677915460032


Tau :  0.7
----- [0.0, -1] [0.014285714285714287, -1]
[0.02159480099121525, 0.07179342116439442]

 0.9861633107271086 0.9240719255651624 

----- [0.1, -1] [0.15714285714285717, -1]
[0.8171857487820163, -0.05000018772613217]

 0.9294307850588952 0.5447918164482289 

----- [0.2, -1] [0.3, -1]
[0.852415662129505, -0.05047385172033447]

 0.9293048060973818 0.5451421463353845 

----- [0.3, -1] [0.4428571428571429, -1]
[0.8901429778795347, -0.04675421146117395]

 0.9279610305079051 0.5486041190785322 

----- [0.4, -1] [0.5857142857142857, -1]
[0.928735495901716, -0.045512860847098185]

 0.8967182480525753 0.5861167278433247 

----- [0.5, -1] [0.7285714285714286, -1]
[0.9669353913172574, -0.04874693124064719]

 0.8696117748336027 0.6174878918103414 

----- [0.6, -1] [0.8714285714285714, -1]
[1.0046338105383992, -0.05272088315457366]

 0.8596384403804564 0.6294150992747476 

Accuracy DIFF:  0.027258817939906477
TPR DIFF :  0.06468308253533972
FDR tau :  0.7592881963405731
Accuracy :  7023 17254 0.5929639503883157
SR tau :  0.8972425716082315
FPR tau :  0.9650559480123596
FNR tau :  0.8366912272622611
TPR tau :  0.9032566069906224
TNR tau :  0.9705689674896147
AR tau :  0.9543054285557188
FOR tau :  0.7779805947228815
PPR tau :  0.7403857498563493
NPR tau :  0.8955677915460032


Tau :  0.8
----- [0.0, -1] [0.012499999999999999, -1]
[0.02148559039989985, 0.07180821025475195]

 0.9861633107271086 0.9240719255651624 

----- [0.1, -1] [0.13749999999999998, -1]
[0.8174915515917979, -0.05177561988217578]

 0.9294307850588952 0.5446969504316953 

----- [0.2, -1] [0.26249999999999996, -1]
[0.853435350547149, -0.05168853856875866]

 0.9293258025909673 0.5450710099091555 

----- [0.3, -1] [0.38749999999999996, -1]
[0.8905775757177891, -0.051523869145759967]

 0.9290108551871837 0.546375177723355 

----- [0.4, -1] [0.5125, -1]
[0.929803155878202, -0.047166201806571065]

 0.9049908665252903 0.5763473253078668 

----- [0.5, -1] [0.6375, -1]
[0.9683678176209395, -0.04975628710375334]

 0.8725092909484116 0.6140259190671937 

----- [0.6, -1] [0.7625, -1]
[1.0064123160122531, -0.053732470816932026]

 0.8616751002582569 0.6270675972091885 

----- [0.7000000000000001, -1] [0.8875, -1]
[1.0442790010458929, -0.058468401935199615]

 0.8528775694459025 0.6372875304440972 

Accuracy DIFF:  0.027258817939906477
TPR DIFF :  0.06468308253533972
FDR tau :  0.7592881963405731
Accuracy :  7023 17254 0.5929639503883157
SR tau :  0.8972425716082315
FPR tau :  0.9650559480123596
FNR tau :  0.8366912272622611
TPR tau :  0.9032566069906224
TNR tau :  0.9705689674896147
AR tau :  0.9543054285557188
FOR tau :  0.7779805947228815
PPR tau :  0.7403857498563493
NPR tau :  0.8955677915460032


Tau :  0.9
----- [0.0, -1] [0.011111111111111112, -1]
[0.021400614101604418, 0.07182092132644176]

 0.9861633107271086 0.9240719255651624 

----- [0.1, -1] [0.12222222222222222, -1]
[0.8177201455865407, -0.053165586528093015]

 0.9294307850588952 0.5444123523820946 

----- [0.2, -1] [0.2333333333333333, -1]
[0.8542113516621864, -0.05276336910087365]

 0.9293258025909673 0.5450235856250027 

----- [0.3, -1] [0.34444444444444444, -1]
[0.89092732587606, -0.05545147066964324]

 0.9292208201230394 0.5454741163244534 

----- [0.4, -1] [0.4555555555555556, -1]
[0.9304658022674072, -0.049823259536461106]

 0.9159510361769585 0.5636376171549409 

----- [0.5, -1] [0.5666666666666667, -1]
[0.9694383165522809, -0.05073956946652757]

 0.8765196212232558 0.6094020513623045 

----- [0.6, -1] [0.6777777777777777, -1]
[1.0077377667976783, -0.05452962239909338]

 0.8633128267579314 0.6251706258430801 

----- [0.7000000000000001, -1] [0.7888888888888889, -1]
[1.0457132951297579, -0.0593032916848352]

 0.8553761521825856 0.6344183612528583 

----- [0.8, -1] [0.9, -1]
[1.0841469115799687, -0.0638324238469692]

 0.8419593927814055 0.6497601171762596 

Accuracy DIFF:  0.027258817939906477
TPR DIFF :  0.06468308253533972
FDR tau :  0.7592881963405731
Accuracy :  7023 17254 0.5929639503883157
SR tau :  0.8972425716082315
FPR tau :  0.9650559480123596
FNR tau :  0.8366912272622611
TPR tau :  0.9032566069906224
TNR tau :  0.9705689674896147
AR tau :  0.9543054285557188
FOR tau :  0.7779805947228815
PPR tau :  0.7403857498563493
NPR tau :  0.8955677915460032


Tau :  1.0
----- [0.0, -1] [0.01, -1]
[0.021332579902864572, 0.07183165535105274]

 0.9861633107271086 0.9240719255651624 

----- [0.1, -1] [0.11, -1]
[0.8179047311908201, -0.054233731594061425]

 0.9294307850588952 0.544317486365561 

----- [0.2, -1] [0.21, -1]
[0.8548030159520914, -0.05376674467175687]

 0.9293677955781384 0.5449287370566974 

----- [0.3, -1] [0.31, -1]
[0.8913483932238598, -0.05818027853820638]

 0.9292838096037962 0.5452132827616136 

----- [0.4, -1] [0.41000000000000003, -1]
[0.9308642165376548, -0.05301654533850137]

 0.924391626598358 0.5534888203462612 

----- [0.5, -1] [0.51, -1]
[0.9702286053286028, -0.051990940040509935]

 0.8813488147479371 0.6036637129798269 

----- [0.6, -1] [0.61, -1]
[1.0087631391228042, -0.055273393991201326]

 0.8649085602704348 0.6230839573403609 

----- [0.7000000000000001, -1] [0.71, -1]
[1.046861401778833, -0.06001934312998189]

 0.8568669032271611 0.6325925263129791 

----- [0.8, -1] [0.81, -1]
[1.0852035098003368, -0.06484946305191434]

 0.8462636739664476 0.6448517037664542 

----- [0.9, -1] [0.91, -1]
[1.124149608875589, -0.0683619581432545]

 0.8197660990614567 0.6749661242034242 

Accuracy DIFF:  0.027258817939906477
TPR DIFF :  0.06468308253533972
FDR tau :  0.7592881963405731
Accuracy :  7023 17254 0.5929639503883157
SR tau :  0.8972425716082315
FPR tau :  0.9650559480123596
FNR tau :  0.8366912272622611
TPR tau :  0.9032566069906224
TNR tau :  0.9705689674896147
AR tau :  0.9543054285557188
FOR tau :  0.7779805947228815
PPR tau :  0.7403857498563493
NPR tau :  0.8955677915460032


