Tau :  0.1
----- [0.0, 0.0] [0.09999999999999999, 0.09999999999999999]
[5.054474108414793, 5.053533906277462, 4.941453813384594, 4.9453356305274845, -0.01167274882413113, -0.059414445596356995]

 0.93144644844311 0.039540261165000555 

Accuracy DIFF:  0.2551882635852724
TPR DIFF :  0.31919079647362825
FDR tau :  0.681694063185219
Accuracy :  7551 17254 0.5623623507592442
SR tau :  0.5683820807943227
FPR tau :  0.47443926071241727
FNR tau :  0.020065738626255204
TPR tau :  0.6787092640758874
TNR tau :  0.015102699474038122
AR tau :  0.5717431760591128
FOR tau :  0.8574165944825053
PPR tau :  0.6159044986677511
NPR tau :  0.9307107505484973


Tau :  0.2
----- [0.0, 0.0] [0.049999999999999996, 0.049999999999999996]
[5.096126039387181, 5.067610887613865, 4.903881468648296, 4.932319987474994, 0.0073848398494086, -0.0014673107983271111]

 0.9860163352720096 0.14813238747821936 

----- [0.0, 0.1] [0.049999999999999996, 0.5499999999999999]
[4.087123275100047, 4.083510554081999, 3.939667855576089, 3.9534039937033003, -0.9103932502169683, -0.25928666471215456]

 0.9294727780460663 0.038417561651558935 

----- [0.1, 0.0] [0.5499999999999999, 0.049999999999999996]
[5.0759166990616365, 5.057143000380489, 4.923041078459402, 4.942242310541709, 0.047199520572379416, 0.005534044084991432]

 0.9857853738425683 0.174914286756392 

----- [0.1, 0.1] [0.5499999999999999, 0.5499999999999999]
[4.058357296265549, 4.069170080481886, 3.9504577944185932, 3.9563935324338413, -0.731536558212003, -0.2562488538842205]

 0.8705566170449535 0.25979528258510975 

Accuracy DIFF:  0.0426120831940634
TPR DIFF :  0.03883853929168557
FDR tau :  0.7522271815622968
Accuracy :  7067 17254 0.5904138170858931
SR tau :  0.9517588852606809
FPR tau :  0.9677714673052009
FNR tau :  0.8915639322695637
TPR tau :  0.9429406042436906
TNR tau :  0.9697698005251402
AR tau :  0.9285044326751795
FOR tau :  0.7753529073791778
PPR tau :  0.7286419535577588
NPR tau :  0.895953516331674


Tau :  0.3
----- [0.0, 0.0] [0.03333333333333333, 0.03333333333333333]
[5.096624215323032, 5.068644771297788, 4.903454396313742, 4.931400600481376, 0.00779817353840909, 0.016674149156274864]

 0.9860793247527663 0.13393026877937014 

----- [0.0, 0.1] [0.03333333333333333, 0.3666666666666667]
[4.126356205875812, 4.091261580318428, 3.9099066117884904, 3.9362662918634976, -0.8315525687587386, -0.08115179095032349]

 0.9860793247527663 0.11906060842231056 

----- [0.0, 0.2] [0.03333333333333333, 0.7]
[4.074193145012563, 4.073857067025407, 3.949477263802223, 3.965237865002763, -0.9316256096216519, -0.30039652285014645]

 0.9293677955781384 0.0395099991234734 

----- [0.1, 0.0] [0.3666666666666667, 0.03333333333333333]
[5.086484110082812, 5.062305841120581, 4.913228401024065, 4.937502905347447, 0.05069366084234719, 0.024849760671995486]

 0.985848363323325 0.13844328689355365 

----- [0.1, 0.1] [0.3666666666666667, 0.3666666666666667]
[4.980828137406317, 5.021653140683846, 4.985368156190776, 4.965804480355628, -0.004293765854301071, -0.2609847039491457]

 0.9198773804774603 0.08190390551851479 

----- [0.1, 0.2] [0.3666666666666667, 0.7]
[4.056720096226904, 4.064599419556629, 3.9521335119489227, 3.965308260239377, -0.8157763141902142, -0.3120055439782475]

 0.9288428832384992 0.04323751220445718 

----- [0.2, 0.0] [0.7, 0.03333333333333333]
[5.076434303059339, 5.056174573061659, 4.922910963811904, 4.943404441428296, 0.09353998976120467, 0.024141460971114095]

 0.9857433808553971 0.13496670325649468 

----- [0.2, 0.1] [0.7, 0.3666666666666667]
[4.963483715957294, 5.011145266227843, 4.997220700330122, 4.972875063037091, 0.005893049428804716, -0.2362557363561257]

 0.8540953660738657 0.3118580643710932 

----- [0.2, 0.2] [0.7, 0.7]
[4.935898475765422, 4.978548254132501, 4.96638926931272, 4.977385094304302, 0.0019151830527736173, -0.48322348005294324]

 0.6665546853675437 0.7357406869519646 

Accuracy DIFF:  0.033411371639235465
TPR DIFF :  0.05147343821249428
FDR tau :  0.7584739673495783
Accuracy :  7045 17254 0.5916888837371044
SR tau :  0.9211552150212444
FPR tau :  0.9918395105473681
FNR tau :  0.8618344553243574
TPR tau :  0.9241838460924939
TNR tau :  0.9926934497491412
AR tau :  0.9439478802183948
FOR tau :  0.7731502439515114
PPR tau :  0.7378742143677957
NPR tau :  0.8948154021969821


Tau :  0.4
----- [0.0, 0.0] [0.024999999999999998, 0.024999999999999998]
[5.100643847551173, 5.070256978329378, 4.8995103469783885, 4.929808389336529, 0.009977343844468483, 0.025653174974344523]

 0.9861003212463518 0.1339361052838709 

----- [0.0, 0.1] [0.024999999999999998, 0.27499999999999997]
[4.129152452679723, 4.091550343270263, 3.898138256213827, 3.928027419198789, -0.8127503128204052, -0.009714108065730405]

 0.9834547630545699 0.033084093299332956 

----- [0.0, 0.2] [0.024999999999999998, 0.5249999999999999]
[4.113398104379657, 4.08158305632169, 3.926725357156194, 3.9504263662454835, -0.8494291183780673, -0.12636930689584974]

 0.9860583282591807 0.17283500089557885 

----- [0.0, 0.3] [0.024999999999999998, 0.7749999999999999]
[4.075298301332081, 4.06766344737652, 3.9520480561829734, 3.9711362235702947, -0.9238087741887292, -0.2735364300909518]

 0.9294307850588952 0.038589221376714236 

----- [0.1, 0.0] [0.27499999999999997, 0.024999999999999998]
[5.091487913183979, 5.064386698488815, 4.908429091717637, 4.9355265646926405, 0.05153451186477561, 0.03395472398889019]

 0.9854704264387847 0.11672810606542862 

----- [0.1, 0.1] [0.27499999999999997, 0.27499999999999997]
[5.005106171864676, 5.031160627643756, 4.978488066224677, 4.963763142031581, -0.005021390627528345, -0.1396377218199697]

 0.9292628131102106 0.04119545582850276 

----- [0.1, 0.2] [0.27499999999999997, 0.5249999999999999]
[4.100934029164087, 4.075488238959204, 3.932374235186001, 3.9521990100882225, -0.7611247199007188, -0.13089257376859076]

 0.9315724274046234 0.041508648713469924 

----- [0.1, 0.3] [0.27499999999999997, 0.7749999999999999]
[4.063258670985535, 4.06232058872109, 3.9533706439188214, 3.9699133204573465, -0.8373018059093114, -0.2826088431930363]

 0.9293467990845529 0.03984750126520821 

----- [0.2, 0.0] [0.5249999999999999, 0.024999999999999998]
[5.083434710011534, 5.058360730565785, 4.916267106652743, 4.941391056481398, 0.0932769341074759, 0.03219280266178553]

 0.9857853738425683 0.13575783276313572 

----- [0.2, 0.1] [0.5249999999999999, 0.27499999999999997]
[4.992766391425208, 5.0244507302057535, 4.988125276477038, 4.9685364236883665, 0.00868486603735343, -0.13213069991700885]

 0.9289688622000126 0.04397623934326749 

----- [0.2, 0.2] [0.5249999999999999, 0.5249999999999999]
[4.97221170097693, 5.012677069454016, 4.9778184274537525, 4.967317515940106, 0.0026200238621868588, -0.3201320963530881]

 0.8490982006004997 0.3256783211090989 

----- [0.2, 0.3] [0.5249999999999999, 0.7749999999999999]
[4.054238494164743, 4.057769580075895, 3.9535349724622137, 3.9689612342886162, -0.7463719226989111, -0.2720934892627778]

 0.865391479622903 0.27651758625936806 

----- [0.3, 0.0] [0.7749999999999999, 0.024999999999999998]
[5.8807268139585265, 5.931538129634731, 6.1137681593998785, 6.064926033699896, 0.885792275868486, -0.03821782020069085]

 0.9289898586935982 0.043724476590889884 

----- [0.3, 0.1] [0.7749999999999999, 0.27499999999999997]
[4.982003541415569, 5.0167754215926506, 4.99610829020286, 4.9741482883867505, 0.040038729218262285, -0.13097226139043094]

 0.928066012975833 0.049614885122822035 

----- [0.3, 0.2] [0.7749999999999999, 0.5249999999999999]
[4.967105168989849, 5.01048046773349, 4.9797869223004625, 4.965721586823137, 0.013254697762131966, -0.3178485516702483]

 0.8375501291284355 0.3599574899906357 

----- [0.3, 0.3] [0.7749999999999999, 0.7749999999999999]
[4.954967504275667, 4.986888788385912, 4.951751218480182, 4.970767320907055, 0.00616480299356755, -0.457239610155807]

 0.6678144749826779 0.7340392518819204 

Accuracy DIFF:  0.032903345329985734
TPR DIFF :  0.05786403708770327
FDR tau :  0.7579691301065348
Accuracy :  7045 17254 0.5916888837371044
SR tau :  0.9127187938423393
FPR tau :  0.9834102795795434
FNR tau :  0.8473586607858862
TPR tau :  0.9147527676309639
TNR tau :  0.9852575437585112
AR tau :  0.9447939841256212
FOR tau :  0.7785501283641145
PPR tau :  0.7370950840584991
NPR tau :  0.897019656990634


Tau :  0.5
----- [0.0, 0.0] [0.02, 0.02]
[5.102840481698041, 5.071232490448154, 4.897323049398881, 4.92883383167714, 0.011320122976840619, 0.03081148759914461]

 0.9861213177399374 0.13453149552217805 

----- [0.0, 0.1] [0.02, 0.22]
[4.132721395018333, 4.090816940463943, 3.8880400227484944, 3.9232014892520284, -0.7957248818780385, 0.02956517060722236]

 0.9821739769458501 0.031025792021437522 

----- [0.0, 0.2] [0.02, 0.42]
[4.11353355450048, 4.081061929539858, 3.918940160066048, 3.942905719398329, -0.8244040562323625, -0.03710946003188788]

 0.9857853738425683 0.06031184790169257 

----- [0.0, 0.3] [0.02, 0.62]
[4.101845891658552, 4.072188668520463, 3.9384390684931114, 3.959740764978004, -0.8489211965839648, -0.11732126171303392]

 0.9860793247527663 0.15750460808514952 

----- [0.0, 0.4] [0.02, 0.8200000000000001]
[4.078975489445761, 4.060841290543056, 3.95543048050411, 3.976435256258034, -0.8985616452655957, -0.21386599999104017]

 0.9294307850588952 0.037822804373327024 

----- [0.1, 0.0] [0.22, 0.02]
[5.094159163696293, 5.065565264019122, 4.905829659420311, 4.9343899826580495, 0.051399665933252486, 0.03808717885442925]

 0.983790706951939 0.10196863589056078 

----- [0.1, 0.1] [0.22, 0.22]
[5.029604224786076, 5.036417029536703, 4.963368494928753, 4.961298457022498, 0.0032611749941296514, -0.07430854988310627]

 0.9294517815524808 0.03994113416048091 

----- [0.1, 0.2] [0.22, 0.42]
[5.003000185295418, 5.03081018191389, 4.972786598574186, 4.961709363533724, -0.03265725970876996, -0.20522128141234308]

 0.9293258025909673 0.039849235650464596 

----- [0.1, 0.3] [0.22, 0.62]
[4.096165722597022, 4.069201500416366, 3.9395846257133664, 3.959458209642755, -0.7753362370376582, -0.11724688680799181]

 0.9858693598169106 0.2149421939659939 

----- [0.1, 0.4] [0.22, 0.8200000000000001]
[4.070334801056135, 4.05820041048534, 3.9545840149039124, 3.974719911511219, -0.8344796301767022, -0.2151179274482452]

 0.9294097885653096 0.04018700321305099 

----- [0.2, 0.0] [0.42, 0.02]
[5.087080237411535, 5.059809490459775, 4.912759348132623, 4.940023988124624, 0.09225343818429746, 0.03729066684277853]

 0.9854284334516136 0.11498111444702076 

----- [0.2, 0.1] [0.42, 0.22]
[5.019504127227108, 5.031249178973609, 4.971877838775072, 4.965307640657679, 0.03273863290282995, -0.074414678453268]

 0.9294307850588952 0.040185315064966025 

----- [0.2, 0.2] [0.42, 0.42]
[4.995397259812787, 5.0266589006456766, 4.977765251146851, 4.963738202653925, 0.0033306333960662583, -0.20513549682938698]

 0.9291368341486972 0.04145729135283646 

----- [0.2, 0.3] [0.42, 0.62]
[4.9899974714992, 5.020109298072595, 4.9623406404897485, 4.961907124528963, -0.00248086279575995, -0.31500057818095906]

 0.8473344951393117 0.3309942022679476 

----- [0.2, 0.4] [0.42, 0.8200000000000001]
[4.062300565434593, 4.0551221073678105, 3.954866945046544, 3.9732960085603892, -0.7657320908564849, -0.21941489212423124]

 0.9290738446679404 0.042716332434089385 

----- [0.3, 0.0] [0.62, 0.02]
[5.88464966447802, 5.934248756560539, 6.11102878960762, 6.062981531660887, 0.8904456822833519, -0.03415282593954377]

 0.9290738446679404 0.04296666739120915 

----- [0.3, 0.1] [0.62, 0.22]
[5.006324341386884, 5.025691733937259, 4.982874125780743, 4.969818709715174, 0.06476787113773068, -0.06639801527764479]

 0.9290948411615261 0.04372499644887985 

----- [0.3, 0.2] [0.62, 0.42]
[4.991937656443112, 5.024167476961002, 4.979535138226363, 4.96464332798984, 0.024029069941051973, -0.18372066325125982]

 0.8629978793541478 0.28444081013753797 

----- [0.3, 0.3] [0.62, 0.62]
[4.985605830999982, 5.017836165543948, 4.963876525245218, 4.961095562378219, 0.011342665290121236, -0.31483610957581]

 0.8400697083587041 0.3524250447845627 

----- [0.3, 0.4] [0.62, 0.8200000000000001]
[4.979704618113143, 5.002606693607092, 4.9422137337893925, 4.965665045898654, 0.00440362249981093, -0.3998097017430971]

 0.6843807084216935 0.7054173556610914 

----- [0.4, 0.0] [0.8200000000000001, 0.02]
[5.878060667564567, 5.92870441344229, 6.117481201129851, 6.06840931500343, 0.9275290759360003, -0.030997706724936083]

 0.9284229533667877 0.04801039543054292 

----- [0.4, 0.1] [0.8200000000000001, 0.22]
[5.882536760484933, 5.92679851430157, 6.088372555540678, 6.053745818126872, 0.9054972935424834, -0.1831180714869787]

 0.7992315283347681 0.4629189112314901 

----- [0.4, 0.2] [0.8200000000000001, 0.42]
[4.98305490328521, 5.017559776406068, 4.9856726352843985, 4.969094950732978, 0.056317364679887016, -0.1849803669885583]

 0.8561740189388372 0.30567659094833805 

----- [0.4, 0.3] [0.8200000000000001, 0.62]
[4.981958805507727, 5.016815086809357, 4.965023416722078, 4.959175679819197, 0.03394850135016377, -0.31073964869756254]

 0.8003023495076322 0.4599054348167135 

----- [0.4, 0.4] [0.8200000000000001, 0.8200000000000001]
[4.977208529699252, 5.000802499881039, 4.941563862857298, 4.96346870516123, 0.016111032783705022, -0.39863942692217164]

 0.6770319356667436 0.7183815343316021 

Accuracy DIFF:  0.033144491468432125
TPR DIFF :  0.059171226630186924
FDR tau :  0.7576480059034649
Accuracy :  7049 17254 0.5914570534368842
SR tau :  0.9116208301531443
FPR tau :  0.9826435875736341
FNR tau :  0.8444467753536323
TPR tau :  0.9128269723306882
TNR tau :  0.9845641886960491
AR tau :  0.9443707012173729
FOR tau :  0.7801576251802497
PPR tau :  0.7364291993915273
NPR tau :  0.8976260354618552


Tau :  0.6
----- [0.0, 0.0] [0.016666666666666666, 0.016666666666666666]
[5.1034236704639255, 5.071696838490438, 4.8967223769901045, 4.928366023201425, 0.011595104348951484, 0.03444737669916038]

 0.986142314233523 0.11565682024397621 

----- [0.0, 0.1] [0.016666666666666666, 0.18333333333333335]
[5.086162798199551, 5.066675068094927, 4.912634621719532, 4.932840442519161, -0.010992246259550866, -0.04444249509831097]

 0.9348688768975582 0.040265228917701415 

----- [0.0, 0.2] [0.016666666666666666, 0.35]
[4.114879913683861, 4.07913182074572, 3.910453240121068, 3.9381517870562743, -0.8018737162992118, 0.014679289056007854]

 0.9825939068175614 0.03183425062038179 

----- [0.0, 0.3] [0.016666666666666666, 0.5166666666666667]
[4.099158910873289, 4.070398599120968, 3.933197913503466, 3.9534328426217553, -0.8239424641374771, -0.029438327696584655]

 0.9851764755285868 0.03800153585117834 

----- [0.0, 0.4] [0.016666666666666666, 0.6833333333333335]
[4.086900626175844, 4.061220649326358, 3.951500698809724, 3.9682375151031772, -0.8395273546298477, -0.0821226470601116]

 0.9860793247527663 0.10136870103560147 

----- [0.0, 0.5] [0.016666666666666666, 0.8500000000000001]
[4.077177426413428, 4.052703394719729, 3.9655536574313097, 3.981472341124136, -0.8547060315110856, -0.1375033595119584]

 0.9860793247527663 0.1936121578001972 

----- [0.1, 0.0] [0.18333333333333335, 0.016666666666666666]
[5.096622448298774, 5.066400968167097, 4.903411049064533, 4.933575759522634, 0.0520322643097161, 0.04050215551238404]

 0.9836647279904256 0.10210910284242944 

----- [0.1, 0.1] [0.18333333333333335, 0.18333333333333335]
[5.071968721893317, 5.060617602333807, 4.925381964122296, 4.938255532601683, 0.016230387540239075, -0.04227801144062037]

 0.9326012555903164 0.040061462901718865 

----- [0.1, 0.2] [0.18333333333333335, 0.35]
[5.0241607546076406, 5.037245260539809, 4.96449503105233, 4.959523384430603, -0.011694057016243908, -0.11073060201044757]

 0.9294097885653096 0.0401031295151951 

----- [0.1, 0.3] [0.18333333333333335, 0.5166666666666667]
[5.016712479450102, 5.0354582684062015, 4.960352815492263, 4.957651386487355, -0.04204305500979255, -0.20053675662224746]

 0.9293467990845529 0.03976357770822814 

----- [0.1, 0.4] [0.18333333333333335, 0.6833333333333335]
[4.0875134146022, 4.0606713032626205, 3.947512028012324, 3.966771564843546, -0.7783259429786027, -0.06979930416413321]

 0.9848825246183888 0.11337724783120647 

----- [0.1, 0.5] [0.18333333333333335, 0.8500000000000001]
[4.073773730003531, 4.0512358901618715, 3.9636384127838036, 3.979670011031061, -0.7972098344124029, -0.14467434681539273]

 0.9416087513385265 0.044136726336900294 

----- [0.2, 0.0] [0.35, 0.016666666666666666]
[5.09005042544615, 5.060933044435637, 4.909866534254487, 4.938947326333174, 0.09198470414410916, 0.04016376745026486]

 0.9836227350032545 0.09918126306820686 

----- [0.2, 0.1] [0.35, 0.18333333333333335]
[5.055395440948529, 5.055845568216012, 4.9404072514730295, 4.942577232341607, 0.04143660050954178, -0.027874749854822006]

 0.9293258025909673 0.04321007052781382 

----- [0.2, 0.2] [0.35, 0.35]
[5.0186768576549365, 5.0346679147741655, 4.968375940756134, 4.960937387226465, 0.013959991812274974, -0.1073650904672838]

 0.9292208201230394 0.041533736857072616 

----- [0.2, 0.3] [0.35, 0.5166666666666667]
[5.010056834994087, 5.032633303251589, 4.964477355442262, 4.95861983316449, 0.0005392268555645138, -0.204260414593055]

 0.929241816616625 0.04061098709272876 

----- [0.2, 0.4] [0.35, 0.6833333333333335]
[5.015199407436242, 5.0343056129164445, 4.947091091708491, 4.951768640310385, -0.00565696187401631, -0.281126727059021]

 0.8834694606000798 0.21475648446353068 

----- [0.2, 0.5] [0.35, 0.8500000000000001]
[4.068174392125998, 4.050550403848197, 3.962537770270642, 3.977232954378497, -0.7441683399114833, -0.14816101409604832]

 0.9295987570075798 0.04024521670685559 

----- [0.3, 0.0] [0.5166666666666667, 0.016666666666666666]
[5.887642382105296, 5.936185019567596, 6.108807575875444, 6.061540773242397, 0.893915527299972, -0.031138845086895635]

 0.9291158376551116 0.04254567470095666 

----- [0.3, 0.1] [0.5166666666666667, 0.18333333333333335]
[5.041346365689375, 5.0449677692383466, 4.953404680173933, 4.952836653582437, 0.07517064731972325, -0.023400584013943848]

 0.9289058727192558 0.045987048182170136 

----- [0.3, 0.2] [0.5166666666666667, 0.35]
[5.0112446418873, 5.0307946347849875, 4.973755265746604, 4.963557532125278, 0.04446547937859102, -0.10924072857204206]

 0.9291158376551116 0.042629156245448385 

----- [0.3, 0.3] [0.5166666666666667, 0.5166666666666667]
[5.007301574365316, 5.031090468901937, 4.965665661472135, 4.9588477142059215, 0.021507144867142104, -0.1861009766172561]

 0.8790392004535242 0.23147067511701788 

----- [0.3, 0.4] [0.5166666666666667, 0.6833333333333335]
[5.010588475189061, 5.0310876111408565, 4.949058391815272, 4.95290554890438, 0.013420038509994377, -0.2741330388282781]

 0.8604783001238794 0.2915999549849584 

----- [0.3, 0.5] [0.5166666666666667, 0.8500000000000001]
[5.006763491593263, 5.018751884559922, 4.933860514617764, 4.958884890901024, 0.0024906669097353334, -0.33892481780447864]

 0.7806076385243664 0.5080292251297192 

----- [0.4, 0.0] [0.6833333333333335, 0.016666666666666666]
[5.880273001190605, 5.9303993172731255, 6.116050769620284, 6.067226074690539, 0.9301609505598653, -0.03274859094264639]

 0.9290738446679404 0.043133484930882635 

----- [0.4, 0.1] [0.6833333333333335, 0.18333333333333335]
[5.889267767423263, 5.933460995809427, 6.091170939314915, 6.053665459931182, 0.9141734345586106, -0.13484563246141446]

 0.8552291767274866 0.3084870677690593 

----- [0.4, 0.2] [0.6833333333333335, 0.35]
[5.001597537632049, 5.025135432106301, 4.981415225361491, 4.96796538536427, 0.07860221970834112, -0.1110178469932151]

 0.9289898586935982 0.043724476590889884 

----- [0.4, 0.3] [0.6833333333333335, 0.5166666666666667]
[5.0017745108969045, 5.027039125169233, 4.969086891962235, 4.961169110302005, 0.05538060418728649, -0.1847175384133419]

 0.8570978646566023 0.3028158326012062 

----- [0.4, 0.4] [0.6833333333333335, 0.6833333333333335]
[5.003924930059833, 5.026552904248244, 4.952435556926588, 4.955133213621601, 0.03632772092197, -0.2741217273397496]

 0.8530245449010015 0.31477036375337486 

----- [0.4, 0.5] [0.6833333333333335, 0.8500000000000001]
[5.004927825635535, 5.018265841491207, 4.933357155309211, 4.956625901354123, 0.019708685601910504, -0.3362875518757157]

 0.7666659667835471 0.5406662206349984 

----- [0.5, 0.0] [0.8500000000000001, 0.016666666666666666]
[5.875071463631162, 5.925704995695389, 6.1211634774702155, 6.071839643112118, 0.9689367355176393, -0.025890360688854704]

 0.9187435698238394 0.08918263367655531 

----- [0.5, 0.1] [0.8500000000000001, 0.18333333333333335]
[5.884299149635168, 5.928527919238038, 6.095657244294743, 6.058115447129433, 0.9524322053517328, -0.13503086039229878]

 0.8351355323660948 0.3675803657495116 

----- [0.5, 0.2] [0.8500000000000001, 0.35]
[5.900625913338014, 5.9360556125455695, 6.061806886403257, 6.038261133601201, 0.9412279638593617, -0.230805902506708]

 0.7393705251223046 0.6002966304072752 

----- [0.5, 0.3] [0.8500000000000001, 0.5166666666666667]
[4.995045823497836, 5.0221489355525355, 4.973467248447961, 4.964251650041391, 0.0855054343149609, -0.18647087099496765]

 0.8472925021521406 0.33245626717217397 

----- [0.5, 0.4] [0.8500000000000001, 0.6833333333333335]
[4.997600112861879, 5.0223284576378004, 4.955726048057335, 4.9572902802204935, 0.06459219248352197, -0.2667063992387104]

 0.7957461103995633 0.4715792995207628 

----- [0.5, 0.5] [0.8500000000000001, 0.8500000000000001]
[5.0037066482673405, 5.019211635309105, 4.932497576630724, 4.952836957803774, 0.04733861329155269, -0.3361054077095846]

 0.7462783715119575 0.5853943351214109 

Accuracy DIFF:  0.03124582631683459
TPR DIFF :  0.060042369661042705
FDR tau :  0.7593580104204164
Accuracy :  7047 17254 0.5915729685869944
SR tau :  0.9073878836394487
FPR tau :  0.975878311435042
FNR tau :  0.8426972164702135
TPR tau :  0.911486714534396
TNR tau :  0.9786861550213556
AR tau :  0.9475456490998301
FOR tau :  0.7779860190281471
PPR tau :  0.738778321117963
NPR tau :  0.8966152834280432


Tau :  0.7
----- [0.0, 0.0] [0.014285714285714287, 0.014285714285714287]
[5.104008875550574, 5.072264714571498, 4.896120975807973, 4.927793381063512, 0.0116773062801879, 0.036633997824366764]

 0.986142314233523 0.11616954474097331 

----- [0.0, 0.1] [0.014285714285714287, 0.15714285714285717]
[5.096202652589509, 5.067844345109452, 4.903807081444101, 4.9320779881243375, 0.0029143870145494576, -0.007907134645986543]

 0.985995338778424 0.16801024140453547 

----- [0.0, 0.2] [0.014285714285714287, 0.3]
[5.069371910270697, 5.057165638683739, 4.927632468844171, 4.942140351565569, -0.028337600494770986, -0.055122383241210465]

 0.9320973397442627 0.03935210662385821 

----- [0.0, 0.3] [0.014285714285714287, 0.4428571428571429]
[4.098680350193854, 4.068005117993073, 3.9257175119154524, 3.9486515186321474, -0.800798205138072, 0.0258219737558583]

 0.9824049383752913 0.031482009496967764 

----- [0.0, 0.4] [0.014285714285714287, 0.5857142857142857]
[4.083636478404128, 4.058916098497584, 3.9456583357331567, 3.962152658172425, -0.8155235659714574, -0.0008406160676607526]

 0.9834337665609844 0.033332558889214804 

----- [0.0, 0.5] [0.014285714285714287, 0.7285714285714286]
[4.071303569651214, 4.049323979389911, 3.962245610583292, 3.9757692019656554, -0.8279006713013141, -0.03231442933317984]

 0.9858693598169106 0.04139053072393162 

----- [0.0, 0.6] [0.014285714285714287, 0.8714285714285714]
[4.05894139434346, 4.04017286457956, 3.978827650982458, 3.9885401088509416, -0.8365127133152872, -0.06730013578946298]

 0.9860793247527663 0.06221515200957199 

----- [0.1, 0.0] [0.15714285714285717, 0.014285714285714287]
[5.09898900893784, 5.067112953895936, 4.901072127941374, 4.932874730338145, 0.05297431956962472, 0.04206510745679283]

 0.9835597455224977 0.10158806496412508 

----- [0.1, 0.1] [0.15714285714285717, 0.15714285714285717]
[5.085630627298882, 5.0621502856431295, 4.913692941414802, 4.9374128088205005, 0.03590182437770081, -0.007255830674341897]

 0.9859533457912528 0.2012476488179813 

----- [0.1, 0.2] [0.15714285714285717, 0.3]
[5.059111182745977, 5.054117408683654, 4.936302419909393, 4.944465700574648, 0.004353245506853703, -0.05668149911751333]

 0.9311105045457408 0.03941723258486319 

----- [0.1, 0.3] [0.15714285714285717, 0.4428571428571429]
[5.033234653173951, 5.040181992578697, 4.956788794648431, 4.95705071480476, -0.014069881310092323, -0.10213028169976436]

 0.929388792071724 0.03976017312487073 

----- [0.1, 0.4] [0.15714285714285717, 0.5857142857142857]
[5.035189279792013, 5.04117333473352, 4.948137348574344, 4.95398625729176, -0.03433178224717463, -0.1607145686090466]

 0.9294097885653096 0.039422587620987846 

----- [0.1, 0.5] [0.15714285714285717, 0.7285714285714286]
[5.034841733453486, 5.0408480486486935, 4.939996594858998, 4.951873635898316, -0.056970317057850654, -0.2113116702275305]

 0.9292838096037962 0.04010441940342036 

----- [0.1, 0.6] [0.15714285714285717, 0.8714285714285714]
[4.060467316930122, 4.040981852855728, 3.974925407100625, 3.986007165413716, -0.7824082994027518, -0.05896605509601646]

 0.9857433808553971 0.0930898515558093 

----- [0.2, 0.0] [0.3, 0.014285714285714287]
[5.091463680331165, 5.061570996343292, 4.908487219225264, 4.938337168643445, 0.09108313806580909, 0.042230737238571917]

 0.9834127700673987 0.09805065159783648 

----- [0.2, 0.1] [0.3, 0.15714285714285717]
[5.076696740401151, 5.058012431472177, 4.922022773429889, 4.941262559618484, 0.07005271006641409, -0.00038199123686050005]

 0.9854704264387847 0.28022351797862 

----- [0.2, 0.2] [0.3, 0.3]
[5.049261993555386, 5.049651942636238, 4.944777110113791, 4.9482276583325415, 0.03320888331647114, -0.05660018240989758]

 0.9295987570075798 0.03973189027877867 

----- [0.2, 0.3] [0.3, 0.4428571428571429]
[5.030488813626867, 5.038943860719704, 4.958224527307732, 4.9573152786561705, 0.015084251728632746, -0.09998923961865665]

 0.9293258025909673 0.04103207228217768 

----- [0.2, 0.4] [0.3, 0.5857142857142857]
[5.031053655407831, 5.039803817117588, 4.950570190802131, 4.954015240417066, 0.001983879828139282, -0.16208870620003088]

 0.9293258025909673 0.04026865186305757 

----- [0.2, 0.5] [0.3, 0.7285714285714286]
[5.033031621998656, 5.04064350127107, 4.940088538851429, 4.950330390170884, -0.0071459880981593095, -0.21643103615248066]

 0.9287169042769857 0.04383249412748236 

----- [0.2, 0.6] [0.3, 0.8714285714285714]
[5.0418248924352, 5.0431809454809535, 4.922922360741467, 4.944653598860171, -0.018464962440842014, -0.2631061597691405]

 0.9007705713145905 0.15436692335627933 

----- [0.3, 0.0] [0.4428571428571429, 0.014285714285714287]
[5.889733848988471, 5.937512297319176, 6.107254118086707, 6.0605585038130485, 0.89635329125794, -0.029029966733561712]

 0.9291368341486972 0.042376827633420884 

----- [0.3, 0.1] [0.4428571428571429, 0.15714285714285717]
[5.067821280935311, 5.053926509449007, 4.930292959319722, 4.945053205906478, 0.1046708619374757, 0.0018610795226919486]

 0.930564595712516 0.04871821227086158 

----- [0.3, 0.2] [0.4428571428571429, 0.3]
[5.037785144521429, 5.045082467800647, 4.954759173367557, 4.9521649160687495, 0.06192527186815972, -0.050488498386308034]

 0.9293048060973818 0.04161972838498752 

----- [0.3, 0.3] [0.4428571428571429, 0.4428571428571429]
[5.0242242690584265, 5.0354264062713305, 4.962682147720607, 4.959792258601874, 0.046391519165871004, -0.10195294689559133]

 0.9291368341486972 0.04220976993684161 

----- [0.3, 0.4] [0.4428571428571429, 0.5857142857142857]
[5.025870003081486, 5.03735979592719, 4.953469181422259, 4.9552374049464385, 0.02639193721576701, -0.1578685965409761]

 0.9288848762256703 0.04415040266739924 

----- [0.3, 0.5] [0.4428571428571429, 0.7285714285714286]
[5.03279729550717, 5.040957693571064, 4.938734107534388, 4.948432894681467, 0.01671499895837631, -0.2152490424152085]

 0.9230688475024671 0.06930399606812992 

----- [0.3, 0.6] [0.4428571428571429, 0.8714285714285714]
[5.041407410344418, 5.0439263310205575, 4.92168267064968, 4.941977128221102, 0.012214609140066529, -0.2635644854551926]

 0.8766665966783547 0.23809536156801872 

----- [0.4, 0.0] [0.5857142857142857, 0.014285714285714287]
[5.882449961000993, 5.931893243112328, 6.114431750424365, 6.066094688860142, 0.9327489854536453, -0.030906716897680517]

 0.9290738446679404 0.04296666739120915 

----- [0.4, 0.1] [0.5857142857142857, 0.15714285714285717]
[5.895451267029609, 5.938680733974617, 6.091527621653196, 6.052822638471486, 0.921923477227239, -0.09750260342788554]

 0.8680160413210993 0.26823352042499093 

----- [0.4, 0.2] [0.5857142857142857, 0.3]
[5.910231564877168, 5.946433621465143, 6.0659820608116926, 6.037809854214597, 0.9106406985244746, -0.17516367443675532]

 0.8519957167153085 0.3181606388330367 

----- [0.4, 0.3] [0.5857142857142857, 0.4428571428571429]
[5.928938982795875, 5.9569817703876, 6.036006941531186, 6.019403518135224, 0.9021570898292314, -0.24291118140916726]

 0.7950112331240683 0.4731064467676429 

----- [0.4, 0.4] [0.5857142857142857, 0.5857142857142857]
[5.0209577710260245, 5.034553597619035, 4.956577892912597, 4.956885399912108, 0.061424592871025745, -0.15065172042822142]

 0.8834274676129087 0.2170759695288076 

----- [0.4, 0.5] [0.5857142857142857, 0.7285714285714286]
[5.029190648759812, 5.038677719268236, 4.940459768060271, 4.949422447277881, 0.04885537585880902, -0.20285098432657622]

 0.8582316753102232 0.2991445228168426 

----- [0.4, 0.6] [0.5857142857142857, 0.8714285714285714]
[5.037874542032276, 5.041587966931821, 4.922645504764399, 4.942522815795551, 0.03702059885189993, -0.2595591495272583]

 0.857454805047557 0.300989760692587 

----- [0.5, 0.0] [0.7285714285714286, 0.014285714285714287]
[5.876205339719636, 5.92654247891575, 6.120584138701856, 6.07136544338881, 0.970252775685015, -0.032140622991358773]

 0.9289478657064271 0.04422789292312336 

----- [0.5, 0.1] [0.7285714285714286, 0.15714285714285717]
[5.890139852854889, 5.933746323848593, 6.096487781883397, 6.0574272230388155, 0.9597765182863133, -0.0995722508912427]

 0.8612341738929599 0.29001914164054976 

----- [0.5, 0.2] [0.7285714285714286, 0.3]
[5.906514919010417, 5.942527051123463, 6.06921207148644, 6.0412019674484, 0.9499394279376557, -0.17172535726720248]

 0.80481659562853 0.448797916490848 

----- [0.5, 0.3] [0.7285714285714286, 0.4428571428571429]
[5.926410275017346, 5.953980684472506, 6.037981434043902, 6.021745717934851, 0.9425698901109899, -0.23480982632528621]

 0.7596111449387952 0.5569059252803942 

----- [0.5, 0.4] [0.7285714285714286, 0.5857142857142857]
[5.948805773299493, 5.967882980232787, 6.004087518849809, 5.9995667478840256, 0.9376100071071191, -0.281702941241839]

 0.666827639784156 0.7360579875015218 

----- [0.5, 0.5] [0.7285714285714286, 0.7285714285714286]
[5.024474621519225, 5.0354159759172745, 4.942840048021056, 4.950998339236508, 0.08262049600695537, -0.2056002791365498]

 0.847124530203456 0.33275211257121484 

----- [0.5, 0.6] [0.7285714285714286, 0.8714285714285714]
[5.034212410806732, 5.039004843024179, 4.923619424050496, 4.943115281402838, 0.06920925978015739, -0.26194023161169133]

 0.8469985512419426 0.3327267592223252 

----- [0.6, 0.0] [0.8714285714285714, 0.014285714285714287]
[5.871521641297474, 5.922294160623796, 6.125200388197967, 6.0755524502782805, 1.0097150848290535, -0.023506117295772958]

 0.8931278476494425 0.18444237823784715 

----- [0.6, 0.1] [0.8714285714285714, 0.15714285714285717]
[5.884953914942944, 5.928739147821203, 6.101336104584141, 6.06210666018366, 0.9978989744581691, -0.10240602800889222]

 0.8559220610158104 0.3065452258300433 

----- [0.6, 0.2] [0.8714285714285714, 0.3]
[5.9027019580872535, 5.938416728427204, 6.0725231238581845, 6.044768509094468, 0.9890656988389184, -0.17194926271483535]

 0.78680160413211 0.49377370149922145 

----- [0.6, 0.3] [0.8714285714285714, 0.4428571428571429]
[5.924174485067013, 5.951252533198752, 6.039739131216513, 6.023890968937363, 0.9835842111870564, -0.22314645301746225]

 0.6848216347869907 0.7049937784881614 

----- [0.6, 0.4] [0.8714285714285714, 0.5857142857142857]
[5.947272408522532, 5.965807657167746, 6.005145285297469, 6.000997534863672, 0.9795113621046336, -0.2647001497279671]

 0.6336111869317824 0.7900288277385346 

----- [0.6, 0.5] [0.8714285714285714, 0.7285714285714286]
[5.971816169416118, 5.98205226792734, 5.9691278355837145, 5.976346604635234, 0.9770756439583349, -0.2932775530856268]

 0.577361580616037 0.8714170098213794 

----- [0.6, 0.6] [0.8714285714285714, 0.8714285714285714]
[5.0303101717961285, 5.036515860167449, 4.924826451902369, 4.943849867365967, 0.09909046075841293, -0.25670078332280166]

 0.793163541688538 0.47800470738392503 

Accuracy DIFF:  0.03036321378373663
TPR DIFF :  0.05975167198662412
FDR tau :  0.7602074123813254
Accuracy :  7045 17254 0.5916888837371044
SR tau :  0.9062599112409159
FPR tau :  0.973576176783748
FNR tau :  0.8434588045555911
TPR tau :  0.9118774912608845
TNR tau :  0.9767218967209992
AR tau :  0.94902734675284
FOR tau :  0.7763496819207879
PPR tau :  0.7400149649133451
NPR tau :  0.8958921131384519


Tau :  0.8
----- [0.0, 0.0] [0.012499999999999999, 0.012499999999999999]
[5.104430143543835, 5.0726281490781435, 4.8956883991371445, 4.927426685754104, 0.011919201553137113, 0.03920659188208652]

 0.9861003212463518 0.1156467385825184 

----- [0.0, 0.1] [0.012499999999999999, 0.13749999999999998]
[5.096231951025385, 5.068506308012928, 4.9038516633778455, 4.93154679679465, 0.0047824568821920235, 0.014281442345031476]

 0.9860793247527663 0.13541420677277666 

----- [0.0, 0.2] [0.012499999999999999, 0.26249999999999996]
[5.095489397439996, 5.070303955311426, 4.904299094256008, 4.929611383015204, -0.0013429265596458142, -0.009812811172335265]

 0.985995338778424 0.16801024140453547 

----- [0.0, 0.3] [0.012499999999999999, 0.38749999999999996]
[5.089654110071636, 5.068060822840453, 4.909169920105277, 4.931466224207237, -0.011047374340120614, -0.04245800010111753]

 0.9414197828962563 0.04336449099306684 

----- [0.0, 0.4] [0.012499999999999999, 0.5125]
[5.056481895014512, 5.045893788901464, 4.939577524399777, 4.953256266344301, -0.034694371312434004, -0.061200785267968155]

 0.931593423898209 0.03907992765710028 

----- [0.0, 0.5] [0.012499999999999999, 0.6375]
[5.055854865359443, 5.046486581556756, 4.937283216615375, 4.952028620526333, -0.051432249506575545, -0.08959270564226762]

 0.929535767526823 0.03877581423184839 

----- [0.0, 0.6] [0.012499999999999999, 0.7625]
[5.058575108679465, 5.047634775139369, 4.930754098567914, 4.9499115039261055, -0.0691994475122469, -0.12725355538257646]

 0.9294517815524808 0.03697791404738042 

----- [0.0, 0.7000000000000001] [0.012499999999999999, 0.8875]
[5.063735970136569, 5.049553297159115, 4.9216339395593955, 4.947058606212495, -0.08314286235170955, -0.15325933852681115]

 0.9294727780460663 0.03774378660305937 

----- [0.1, 0.0] [0.13749999999999998, 0.012499999999999999]
[5.100098646989705, 5.067759744711025, 4.899965623582545, 4.932234178144288, 0.052790989947653806, 0.04335137928926891]

 0.9835177525353266 0.10157927516832459 

----- [0.1, 0.1] [0.13749999999999998, 0.13749999999999998]
[5.090383958288597, 5.064940090419446, 4.9094353173798515, 4.934946282805705, 0.04202270057296837, 0.02319881691152169]

 0.985848363323325 0.1387161035898687 

----- [0.1, 0.2] [0.13749999999999998, 0.26249999999999996]
[5.088840987811109, 5.0644844790994465, 4.910451394201467, 4.935033333321592, 0.0345467426585112, -0.013146932776794207]

 0.9859533457912528 0.22273541180501238 

----- [0.1, 0.3] [0.13749999999999998, 0.38749999999999996]
[5.080402706680403, 5.064274397214039, 4.917110442726272, 4.934691630896961, 0.016592993654984192, -0.04416958027921744]

 0.932622252083902 0.03972322213554427 

----- [0.1, 0.4] [0.13749999999999998, 0.5125]
[5.051294845609344, 5.044071874704935, 4.943138477912451, 4.954344227853731, -0.001049789771508364, -0.06362629675711333]

 0.9296407499947509 0.0393170391546453 

----- [0.1, 0.5] [0.13749999999999998, 0.6375]
[5.0484498203063355, 5.0438443793028656, 4.942463908181709, 4.953776296100395, -0.016334815674221383, -0.0918402691443138]

 0.929388792071724 0.0396762418408513 

----- [0.1, 0.6] [0.13749999999999998, 0.7625]
[5.053744994291355, 5.045939658184207, 4.933133113011993, 4.950529549892192, -0.03187261971251504, -0.13056343878396892]

 0.9294517815524808 0.037736843301623926 

----- [0.1, 0.7000000000000001] [0.13749999999999998, 0.8875]
[5.062207356625697, 5.049025640166803, 4.9212279128013945, 4.9463295240287755, -0.040287748026481995, -0.1572182541697203]

 0.9294097885653096 0.0390025106086291 

----- [0.2, 0.0] [0.26249999999999996, 0.012499999999999999]
[5.09250071229449, 5.062020054574194, 4.9074710858499975, 4.937906480146889, 0.0904130918373649, 0.043687520409592694]

 0.9834547630545699 0.0983673627955877 

----- [0.2, 0.1] [0.26249999999999996, 0.13749999999999998]
[5.082037506961188, 5.060539095598819, 4.917402603473827, 4.939141226159948, 0.07622690765685237, 0.022250647880610052]

 0.9857643773489827 0.13575194305238675 

----- [0.2, 0.2] [0.26249999999999996, 0.26249999999999996]
[5.08126619673195, 5.059579187544824, 4.91747606678831, 4.93960839911912, 0.07044690230551721, -0.007086753382854262]

 0.9443592919982363 0.05127812008832577 

----- [0.2, 0.3] [0.26249999999999996, 0.38749999999999996]
[5.067609158938559, 5.060667193142064, 4.928239255730436, 4.937801779740582, 0.03986501234404027, -0.040924708131267355]

 0.9315514309110379 0.04053046484085838 

----- [0.2, 0.4] [0.26249999999999996, 0.5125]
[5.0469315983946155, 5.041699527694686, 4.946362678658649, 4.955983363253332, 0.030853417223745936, -0.06599716219591951]

 0.9294937745396519 0.03995597882471765 

----- [0.2, 0.5] [0.26249999999999996, 0.6375]
[5.0462936295379, 5.044057239487839, 4.943449508165547, 4.952697894348694, 0.014852793232396463, -0.09223986014801368]

 0.9293677955781384 0.04060968475449772 

----- [0.2, 0.6] [0.26249999999999996, 0.7625]
[5.052378294837135, 5.045669059755201, 4.932986230934645, 4.949944577506853, 0.0030510051900575863, -0.1219397522445066]

 0.9292628131102106 0.041111751633696486 

----- [0.2, 0.7000000000000001] [0.26249999999999996, 0.8875]
[5.061249596757338, 5.049916415859349, 4.920737729619827, 4.944201784179148, -0.0007464048906974605, -0.16025384793627373]

 0.9293467990845529 0.0399314102128129 

----- [0.3, 0.0] [0.38749999999999996, 0.012499999999999999]
[5.891126133229025, 5.938482065506737, 6.106256544766993, 6.059842957606664, 0.8979969035561723, -0.02746408621619452]

 0.9291788271358683 0.04203900147197158 

----- [0.3, 0.1] [0.38749999999999996, 0.13749999999999998]
[5.903457003260993, 5.946322751439779, 6.088345344195454, 6.048436112500671, 0.8875901511938356, -0.07680376897421634]

 0.928653914796229 0.04533611802140288 

----- [0.3, 0.2] [0.38749999999999996, 0.26249999999999996]
[5.070794153789852, 5.055648063945265, 4.927105432902865, 4.943212906284241, 0.10111066745256375, -0.004468662422884265]

 0.9291158376551116 0.046404985697401285 

----- [0.3, 0.3] [0.38749999999999996, 0.38749999999999996]
[5.061030943541367, 5.055786830276022, 4.934114802026141, 4.942183816578689, 0.07653561736878935, -0.03783815336315037]

 0.929241816616625 0.042126773335141275 

----- [0.3, 0.4] [0.38749999999999996, 0.5125]
[5.042011182084366, 5.040479160527703, 4.950132183756867, 4.956451780415117, 0.06477240412634114, -0.06982280162521362]

 0.9294307850588952 0.04026917079819369 

----- [0.3, 0.5] [0.38749999999999996, 0.6375]
[5.044268935832386, 5.042904257094713, 4.944138713113602, 4.9529485807151366, 0.0487901937324242, -0.09498176243165736]

 0.9292208201230394 0.04161737527732625 

----- [0.3, 0.6] [0.38749999999999996, 0.7625]
[5.050685258205885, 5.046173470121723, 4.933233094963306, 4.948349780418558, 0.03349381292561052, -0.12596784507514308]

 0.9291578306422827 0.04179005559827112 

----- [0.3, 0.7000000000000001] [0.38749999999999996, 0.8875]
[5.060067503730838, 5.04967323365886, 4.919734017138279, 4.943216237024965, 0.024744495871122093, -0.1629046482924725]

 0.9293048060973818 0.04043807519895423 

----- [0.4, 0.0] [0.5125, 0.012499999999999999]
[5.884226320897465, 5.9330345640092395, 6.1130682224764215, 6.0652201370368015, 0.9348294423268794, -0.029503889823674984]

 0.9291158376551116 0.042712623292211725 

----- [0.4, 0.1] [0.5125, 0.13749999999999998]
[5.899193955844795, 5.942139596548013, 6.092420412253194, 6.052432740407983, 0.9267234196752941, -0.07292965429048225]

 0.9110378566779348 0.11797043489771292 

----- [0.4, 0.2] [0.5125, 0.26249999999999996]
[5.916818131725799, 5.952481249436213, 6.068840912783328, 6.038156167677305, 0.920132278724829, -0.11720573677018685]

 0.8623889810401663 0.2861702706194212 

----- [0.4, 0.3] [0.5125, 0.38749999999999996]
[5.935372276809632, 5.963484456597618, 6.043992273733907, 6.0229002198156785, 0.9129315377505921, -0.16799996758523678]

 0.8585046297268356 0.29815000198347413 

----- [0.4, 0.4] [0.5125, 0.5125]
[5.956083643400804, 5.976142306173804, 6.016829287060333, 6.005788715538211, 0.9073543864533269, -0.2118604674509837]

 0.8389778906922544 0.35607336609562895 

----- [0.4, 0.5] [0.5125, 0.6375]
[5.977788174254362, 5.989492023371027, 5.988523965650807, 5.987950116627978, 0.9025805487769593, -0.24201652176921945]

 0.7801667121590694 0.5091647654405633 

----- [0.4, 0.6] [0.5125, 0.7625]
[5.047294273616866, 5.044475659939074, 4.934984517903786, 4.949053371548183, 0.06755818673599359, -0.1248168953289007]

 0.926701240892771 0.05550678589179746 

----- [0.4, 0.7000000000000001] [0.5125, 0.8875]
[5.057499549878688, 5.048718906076579, 4.9203577294393295, 4.943275363697558, 0.05772379524808667, -0.14998263349442628]

 0.8847292502152141 0.2123747119925858 

----- [0.5, 0.0] [0.6375, 0.012499999999999999]
[5.877575970763584, 5.927673760408437, 6.119633425731918, 6.070511550863767, 0.9719317941052338, -0.03164088980089187]

 0.9290108551871837 0.04347260459493319 

----- [0.5, 0.1] [0.6375, 0.13749999999999998]
[5.894418465005537, 5.937506697709321, 6.096985255286912, 6.0568588156678, 0.9651742418867342, -0.07435101348986209]

 0.8877527452915364 0.20228422983965622 

----- [0.5, 0.2] [0.6375, 0.26249999999999996]
[5.912221883103613, 5.948114925353481, 6.073065772853951, 6.042166889886065, 0.9582162662781238, -0.12011811102308936]

 0.8561950154324228 0.30545599321503 

----- [0.5, 0.3] [0.6375, 0.38749999999999996]
[5.9320349899428555, 5.960046722718011, 6.046893199624452, 6.025885513348141, 0.9520939105102043, -0.16636709863922194]

 0.830621286245197 0.3800649656522893 

----- [0.5, 0.4] [0.6375, 0.5125]
[5.9534171460101, 5.97332831136093, 6.018964521648775, 6.008037334841968, 0.9468155243945997, -0.2089559412047675]

 0.795368173515023 0.47247667565799273 

----- [0.5, 0.5] [0.6375, 0.6375]
[5.976445873109149, 5.988134080328321, 5.989354762926399, 5.988585771338328, 0.9431732146832431, -0.24110327623111075]

 0.7602200432527768 0.5551917686028052 

----- [0.5, 0.6] [0.6375, 0.7625]
[6.000160193290148, 6.003398386784844, 5.959002881009243, 5.96866523959852, 0.9402588886970731, -0.26392163409108477]

 0.6848426312805762 0.7046825788712281 

----- [0.5, 0.7000000000000001] [0.6375, 0.8875]
[6.0245879825522834, 6.019603805959109, 5.927887408067657, 5.947693267204172, 0.9378199359569994, -0.28580776764134425]

 0.6577361580616037 0.7511413797642625 

----- [0.6, 0.0] [0.7625, 0.012499999999999999]
[5.872431390015266, 5.922947784474616, 6.124711831959419, 6.075176252536257, 1.0107475928562022, -0.028816345116281707]

 0.9270161882965545 0.05481747313098462 

----- [0.6, 0.1] [0.7625, 0.13749999999999998]
[5.889657289281613, 5.932772920802634, 6.101540322676397, 6.061386235346465, 1.0037617038689812, -0.07627277435213672]

 0.8713754802947908 0.2572259358056698 

----- [0.6, 0.2] [0.7625, 0.26249999999999996]
[5.908052733785595, 5.943951453660794, 6.07689422954654, 6.045987390731304, 0.996854687605482, -0.12190521014744007]

 0.8409725575828837 0.3507333933619683 

----- [0.6, 0.3] [0.7625, 0.38749999999999996]
[5.928762763552342, 5.9566074159798745, 6.049733503564922, 6.028867768088882, 0.9913135294671599, -0.1658401048862781]

 0.7951162155919962 0.4732414931200056 

----- [0.6, 0.4] [0.7625, 0.5125]
[5.951203718035741, 5.970809580013609, 6.020726550011001, 6.010040340374473, 0.987078059334677, -0.20283134064198]

 0.7631385558611712 0.5490677830694607 

----- [0.6, 0.5] [0.7625, 0.6375]
[5.974832562356254, 5.986201788980367, 5.990473467299751, 5.989917248524281, 0.9839045951697595, -0.2330986119973906]

 0.7017868016041321 0.6740975690106624 

----- [0.6, 0.6] [0.7625, 0.7625]
[5.999178086888347, 6.002432418773356, 5.95945823413945, 5.968881686917637, 0.98139168987362, -0.25804359857639897]

 0.6608016461250972 0.7462131009617892 

----- [0.6, 0.7000000000000001] [0.7625, 0.8875]
[6.02412565304407, 6.0194082961387085, 5.927830283667224, 5.9470709879829124, 0.9794846150797913, -0.27773278383917616]

 0.6351229344699435 0.7875302282579723 

----- [0.7000000000000001, 0.0] [0.8875, 0.012499999999999999]
[5.867801136248692, 5.918352280915321, 6.129284089263497, 6.079714183502053, 1.0503019668015583, -0.02352150893331744]

 0.8733491506918345 0.25127005157164406 

----- [0.7000000000000001, 0.1] [0.8875, 0.13749999999999998]
[5.884546301488372, 5.928015849160729, 6.106435884113906, 6.065942221623469, 1.0420686335820404, -0.07755211551154177]

 0.8613391563608878 0.2896945628908898 

----- [0.7000000000000001, 0.2] [0.8875, 0.26249999999999996]
[5.904190634825671, 5.939885446650852, 6.080439370823673, 6.049717703218016, 1.0359218104487609, -0.12322286410404448]

 0.8097297751275537 0.43623319885699796 

----- [0.7000000000000001, 0.3] [0.8875, 0.38749999999999996]
[5.925940117757003, 5.953347743377362, 6.052179687579021, 6.031691932033269, 1.0312486833893648, -0.16370598341686]

 0.7736997921347135 0.525080961796806 

----- [0.7000000000000001, 0.4] [0.8875, 0.5125]
[5.949346354630523, 5.968462545977482, 6.022219006489637, 6.011927385454315, 1.028208520075614, -0.19291727337180947]

 0.6901967371448968 0.6954201750974013 

----- [0.7000000000000001, 0.5] [0.8875, 0.6375]
[5.9733852026239305, 5.984325159664166, 5.991520948168954, 5.991275096585111, 1.0254137044658689, -0.22041885455855773]

 0.6568753018245953 0.7528529933296815 

----- [0.7000000000000001, 0.6] [0.8875, 0.7625]
[5.998256508336427, 6.0011669483555545, 5.960003896538423, 5.969629359554179, 1.0235723722237193, -0.24022816157371296]

 0.6241837613118609 0.8044796246140572 

----- [0.7000000000000001, 0.7000000000000001] [0.8875, 0.8875]
[6.023549022361706, 6.018555466200058, 5.928043600867712, 5.947382845820489, 1.0220893864711798, -0.2572793032161147]

 0.5889306485816869 0.8555847147275869 

Accuracy DIFF:  0.031071400221089007
TPR DIFF :  0.061785605715154235
FDR tau :  0.7592176885272235
Accuracy :  7042 17254 0.5918627564622696
SR tau :  0.9048447095276138
FPR tau :  0.9733230368521869
FNR tau :  0.8386826335423446
TPR tau :  0.9089753817301368
TNR tau :  0.9764927806298144
AR tau :  0.9478618286482667
FOR tau :  0.7793392267827273
PPR tau :  0.7388135390723365
NPR tau :  0.8973273293027696


Tau :  0.9
----- [0.0, 0.0] [0.011111111111111112, 0.011111111111111112]
[5.104671373684779, 5.072839271496871, 4.895436854125214, 4.9272118035755605, 0.012063225473821068, 0.040924976418656306]

 0.9860793247527663 0.11538713003243896 

----- [0.0, 0.1] [0.011111111111111112, 0.12222222222222222]
[5.102060551475328, 5.070956249633674, 4.898122406406608, 4.929119272837645, 0.01050544034504276, 0.030751968560991175]

 0.9861213177399374 0.11773133408647428 

----- [0.0, 0.2] [0.011111111111111112, 0.2333333333333333]
[5.096945931828301, 5.068918397477572, 4.903172762615574, 4.931156315712554, 0.005898527875958345, 0.02116884505263133]

 0.9860793247527663 0.13786096275063756 

----- [0.0, 0.3] [0.011111111111111112, 0.34444444444444444]
[5.094914355329271, 5.067895237798639, 4.9051351344855965, 4.932153360134265, 0.0034913526346701407, 0.011422454909645186]

 0.9860793247527663 0.13786096275063756 

----- [0.0, 0.4] [0.011111111111111112, 0.4555555555555556]
[5.098095610016992, 5.069533434338295, 4.902068208394056, 4.930472197152566, 0.005152189457234137, 0.0028976654210509495]

 0.9860793247527663 0.13481654734240467 

----- [0.0, 0.5] [0.011111111111111112, 0.5666666666666667]
[5.098301544391422, 5.071173936095049, 4.901727437875931, 4.928770436932272, 0.0026152834389478207, -0.004583390330439306]

 0.9860373317655952 0.15134344003718317 

----- [0.0, 0.6] [0.011111111111111112, 0.6777777777777777]
[5.097428647766906, 5.070883813191139, 4.902396400975862, 4.928948952339477, -9.765200750836802e-05, -0.01518282697038698]

 0.985995338778424 0.17093198767324158 

----- [0.0, 0.7000000000000001] [0.011111111111111112, 0.7888888888888889]
[5.0962962485800825, 5.070640575806167, 4.903002092567354, 4.929037365411607, -0.005435470466446638, -0.0274514562893236]

 0.9860163352720096 0.23164003460428917 

----- [0.0, 0.8] [0.011111111111111112, 0.9]
[5.088368285698232, 5.061132314198297, 4.909784442659347, 4.938401991476975, -0.016648506455598375, -0.036406163352033616]

 0.985995338778424 0.25085175221203204 

----- [0.1, 0.0] [0.12222222222222222, 0.011111111111111112]
[5.100556385940572, 5.068022341552533, 4.899506091429773, 4.93197523071513, 0.05244528177909537, 0.04446575504002074]

 0.9835177525353266 0.1019113055442855 

----- [0.1, 0.1] [0.12222222222222222, 0.12222222222222222]
[5.095577831949341, 5.066719298248587, 4.904448904158085, 4.933258966712128, 0.04758593271801486, 0.03868087877878994]

 0.9837487139647679 0.10280040060191964 

----- [0.1, 0.2] [0.12222222222222222, 0.2333333333333333]
[5.093214118309023, 5.066105172900455, 4.9067312844121345, 4.933834881176965, 0.04449148903484905, 0.031796251749265786]

 0.9855124194259559 0.11718114527411745 

----- [0.1, 0.3] [0.12222222222222222, 0.34444444444444444]
[5.091416317332686, 5.065637769244838, 4.908372577126417, 4.93423150887769, 0.04109069877748328, 0.02210581591191086]

 0.9858693598169106 0.13954739216038312 

----- [0.1, 0.4] [0.12222222222222222, 0.4555555555555556]
[5.092703401254477, 5.0660861524192065, 4.9069938547563225, 4.933653584780616, 0.04032718467330294, 0.007808095738223487]

 0.9859113528040817 0.1435507112391625 

----- [0.1, 0.5] [0.12222222222222222, 0.5666666666666667]
[5.093320102737038, 5.069064842030614, 4.905909038525121, 4.930531798585721, 0.03324853104302737, -0.004889026289708005]

 0.985995338778424 0.1665879816569935 

----- [0.1, 0.6] [0.12222222222222222, 0.6777777777777777]
[5.093056388106392, 5.069128217258979, 4.9056896534500405, 4.930254903790684, 0.0282459603199066, -0.018029258736948998]

 0.9859533457912528 0.2246458572472086 

----- [0.1, 0.7000000000000001] [0.12222222222222222, 0.7888888888888889]
[5.0936015972334, 5.069541237268042, 4.904543822717794, 4.929602082062743, 0.023416701978881523, -0.031084975759940583]

 0.9811241522665715 0.23388566232693883 

----- [0.1, 0.8] [0.12222222222222222, 0.9]
[5.089479333095872, 5.0631638064107145, 4.907552358131672, 4.935754965906318, 0.015593789452727854, -0.04112585628079139]

 0.9398870388645096 0.04284186276334079 

----- [0.2, 0.0] [0.2333333333333333, 0.011111111111111112]
[5.094031754815157, 5.062508289637228, 4.9059605896837235, 4.9374309915543035, 0.09060587926361106, 0.04460769019370899]

 0.9834337665609844 0.09851799516496987 

----- [0.2, 0.1] [0.2333333333333333, 0.12222222222222222]
[5.091018402507227, 5.062292769634517, 4.908884713896296, 4.937566999766221, 0.08648497033572876, 0.03761583103417653]

 0.9843366157851638 0.10500581497980332 

----- [0.2, 0.2] [0.2333333333333333, 0.2333333333333333]
[5.087755571053949, 5.062225485416365, 4.911934485036334, 4.937530576114962, 0.08093519105526635, 0.029219703350900846]

 0.9858063703361538 0.13655264565195813 

----- [0.2, 0.3] [0.2333333333333333, 0.34444444444444444]
[5.084721657166289, 5.062398125098795, 4.914589160397547, 4.937227011262675, 0.07397726947612673, 0.01991508397651651]

 0.9857643773489827 0.1365407946955119 

----- [0.2, 0.4] [0.2333333333333333, 0.4555555555555556]
[5.086777557113686, 5.063185686406918, 4.912313766907419, 4.9362529368200905, 0.07304588532760874, 0.0067391291164839275]

 0.9857643773489827 0.17352444685597154 

----- [0.2, 0.5] [0.2333333333333333, 0.5666666666666667]
[5.088577492888604, 5.0669365365802665, 4.909897792216979, 4.932319053066087, 0.06563835451999125, -0.0036065800909214477]

 0.985701387868226 0.22533470338711925 

----- [0.2, 0.6] [0.2333333333333333, 0.6777777777777777]
[5.090371750157839, 5.066181867035066, 4.907943354556827, 4.932756747928695, 0.06702131046958298, -0.019089017356574808]

 0.9395930879543116 0.0452589774020976 

----- [0.2, 0.7000000000000001] [0.2333333333333333, 0.7888888888888889]
[5.090134286490528, 5.068377319861072, 4.906707100942246, 4.930280398306545, 0.05152560883311377, -0.030404385006973327]

 0.932622252083902 0.04103081021732152 

----- [0.2, 0.8] [0.2333333333333333, 0.9]
[5.087642741676672, 5.062885523198894, 4.907922246432372, 4.9354292072995865, 0.04346218736463476, -0.044843240627752474]

 0.9316774098725513 0.039625721666929146 

----- [0.3, 0.0] [0.34444444444444444, 0.011111111111111112]
[5.892128141218321, 5.939198097839834, 6.105557175512759, 6.059321807777552, 0.8991978232977852, -0.02628019208809357]

 0.9292208201230394 0.04161737527732625 

----- [0.3, 0.1] [0.34444444444444444, 0.12222222222222222]
[5.906387472911329, 5.948987351460669, 6.088827980099315, 6.047973708541827, 0.8913144210403442, -0.05680832819794583]

 0.9291788271358683 0.04162099260677234 

----- [0.3, 0.2] [0.34444444444444444, 0.2333333333333333]
[5.9252086624747475, 5.960252839232737, 6.0675018083153125, 6.035088585453767, 0.8874972383663864, -0.08297868288462945]

 0.9286959077834002 0.04491660425340882 

----- [0.3, 0.3] [0.34444444444444444, 0.34444444444444444]
[5.945146831967277, 5.9724895918094045, 6.045011122179775, 6.021188487571282, 0.8843812368395049, -0.10473302444690614]

 0.9154051273437336 0.10062410537774485 

----- [0.3, 0.4] [0.34444444444444444, 0.4555555555555556]
[5.965614685913101, 5.985177829990466, 6.021925175211862, 6.006774897754882, 0.8811790841196435, -0.1275604572904835]

 0.892959875700758 0.18305168441340997 

----- [0.3, 0.5] [0.34444444444444444, 0.5666666666666667]
[5.084916118221962, 5.0628795227681405, 4.913243793310762, 4.935996635963539, 0.10557230387064091, -0.0036541949985741933]

 0.9305435992189305 0.0465038652775603 

----- [0.3, 0.6] [0.34444444444444444, 0.6777777777777777]
[5.083505357190523, 5.062800392974008, 4.913698155586932, 4.935715070777637, 0.09619574106753144, -0.018149749068630743]

 0.9293467990845529 0.04305098450659654 

----- [0.3, 0.7000000000000001] [0.34444444444444444, 0.7888888888888889]
[5.084600000990501, 5.066883461737167, 4.9105837996357, 4.9313225802582155, 0.07563977058757528, -0.027845019367271746]

 0.929388792071724 0.0421913149859777 

----- [0.3, 0.8] [0.34444444444444444, 0.9]
[5.085212594817621, 5.062394977079691, 4.908776921669763, 4.93534704991497, 0.07065990918621931, -0.045838340505361425]

 0.9295777605139942 0.040069743108218675 

----- [0.4, 0.0] [0.4555555555555556, 0.011111111111111112]
[5.885582208341145, 5.9339226863908925, 6.112028525157695, 6.064536417778401, 0.9364121047756516, -0.028397883315906973]

 0.9291158376551116 0.04254567470095666 

----- [0.4, 0.1] [0.4555555555555556, 0.12222222222222222]
[5.901812978787132, 5.944746901858293, 6.09328427046697, 6.052103251293575, 0.9301016552124222, -0.054637083059887265]

 0.9285489323283012 0.046590898481110546 

----- [0.4, 0.2] [0.4555555555555556, 0.2333333333333333]
[5.921648926016073, 5.956781406955077, 6.070905257516025, 6.038405976118364, 0.9269963163808367, -0.0775280137954595]

 0.9037730698973272 0.1450237400082033 

----- [0.4, 0.3] [0.4555555555555556, 0.34444444444444444]
[5.941935086815139, 5.969346409235578, 6.048009112224352, 6.02412051891972, 0.923743859494265, -0.10041074590840128]

 0.8681210237890272 0.26767500807570743 

----- [0.4, 0.4] [0.4555555555555556, 0.4555555555555556]
[5.962577741320148, 5.982306449398618, 6.024668267238971, 6.009365521285819, 0.9199999861265622, -0.12588779779327666]

 0.864215675982111 0.2801482821902665 

----- [0.4, 0.5] [0.4555555555555556, 0.5666666666666667]
[5.984039102447522, 5.995958301626333, 6.000451217914331, 5.99386337627702, 0.9165304133432158, -0.15014246018330948]

 0.8619270581812837 0.28716968538007387 

----- [0.4, 0.6] [0.4555555555555556, 0.6777777777777777]
[6.006231863977156, 6.010266650443991, 5.975457180318322, 5.977663675323257, 0.9133904518703753, -0.17209068461922017]

 0.8597644193419699 0.29374757099114485 

----- [0.4, 0.7000000000000001] [0.4555555555555556, 0.7888888888888889]
[6.028987251659365, 6.024795661590949, 5.949890924768323, 5.961248021563471, 0.9109136612238936, -0.18808795169265233]

 0.8482793373506624 0.3280043257095739 

----- [0.4, 0.8] [0.4555555555555556, 0.9]
[6.052015626980973, 6.0390820607016975, 5.924055881876384, 5.945157463897643, 0.9090346866002335, -0.19330799174624114]

 0.7924496609066286 0.47918774628761923 

----- [0.5, 0.0] [0.5666666666666667, 0.011111111111111112]
[5.878785304570694, 5.928599782217129, 6.118748590047144, 6.069798625869574, 0.9733971962094561, -0.030727648406715238]

 0.9290738446679404 0.04305008340170476 

----- [0.5, 0.1] [0.5666666666666667, 0.12222222222222222]
[5.897490210027391, 5.940299615559795, 6.097493732393483, 6.0564329568735555, 0.9691376512848369, -0.05529026829663735]

 0.922333970226972 0.07402846984275696 

----- [0.5, 0.2] [0.5666666666666667, 0.2333333333333333]
[5.9176359612885285, 5.952824280481833, 6.0747411387173145, 6.042186554311619, 0.9657910636040978, -0.07823546148064997]

 0.8740210384865728 0.2485102956000283 

----- [0.5, 0.3] [0.5666666666666667, 0.34444444444444444]
[5.938014039762701, 5.965698044732364, 6.0516715651078865, 6.027525910797395, 0.9619675263850703, -0.10260150700059872]

 0.8591345245344028 0.29643179972584255 

----- [0.5, 0.4] [0.5666666666666667, 0.4555555555555556]
[5.959201757232486, 5.979122112013383, 6.02771791821665, 6.012238860808358, 0.9581608540681604, -0.12922496605533867]

 0.8570558716694312 0.3026807661043023 

----- [0.5, 0.5] [0.5666666666666667, 0.5666666666666667]
[5.981344272577854, 5.993396652758278, 6.002767239755088, 5.996060470096692, 0.9549078938536252, -0.1523445627992845]

 0.8504629726835619 0.3226815232351789 

----- [0.5, 0.6] [0.5666666666666667, 0.6777777777777777]
[6.004365377210425, 6.008364744373161, 5.976933252708577, 5.97916288778738, 0.9525158515945787, -0.17174545470895058]

 0.8370042202952107 0.3618348923807549 

----- [0.5, 0.7000000000000001] [0.5666666666666667, 0.7888888888888889]
[6.027865970853222, 6.023822641303517, 5.9505942706553245, 5.961755383163578, 0.9503978840050075, -0.18827845657304704]

 0.8122493543578222 0.42885302136790804 

----- [0.5, 0.8] [0.5666666666666667, 0.9]
[6.051373077219882, 6.038734820603649, 5.9242075087452415, 5.944953232497143, 0.9482847017471361, -0.19591572663512435]

 0.7814265017742037 0.5060981842421698 

----- [0.6, 0.0] [0.6777777777777777, 0.011111111111111112]
[5.873134454756872, 5.923490532451162, 6.124334404420468, 6.074848452746256, 1.011581544959229, -0.032334040879107774]

 0.9289268692128414 0.04456261738783211 

----- [0.6, 0.1] [0.6777777777777777, 0.12222222222222222]
[5.892879311264127, 5.935702922372075, 6.101984930862886, 6.060909243479542, 1.007848841610844, -0.057327456512439263]

 0.9085602704348373 0.12757418043684662 

----- [0.6, 0.2] [0.6777777777777777, 0.2333333333333333]
[5.9134662406182725, 5.9486534561582225, 6.078729393524986, 6.046174477193561, 1.004437382962196, -0.08088910551904617]

 0.8648455707896782 0.27845164934759986 

----- [0.6, 0.3] [0.6777777777777777, 0.34444444444444444]
[5.934118359624326, 5.96195487552744, 6.055309801769008, 6.031019520462441, 1.0002204133354868, -0.10638202338814615]

 0.8525416255485334 0.3166287418918831 

----- [0.6, 0.4] [0.6777777777777777, 0.4555555555555556]
[5.9562416478813125, 5.9761861165941434, 6.030388420370623, 6.014884653409604, 0.9970680065968999, -0.12957776732449833]

 0.832825918071682 0.37392494651564306 

----- [0.6, 0.5] [0.6777777777777777, 0.5666666666666667]
[5.979144817299319, 5.991082296643092, 6.004651468559496, 5.998040200297701, 0.9943620459969897, -0.15090765343743032]

 0.8054884834232683 0.44700981936904643 

----- [0.6, 0.6] [0.6777777777777777, 0.6777777777777777]
[6.002610119083443, 6.006527135096485, 5.978315096591075, 5.980604895982171, 0.9918879950819751, -0.17089441094746208]

 0.7960400613097612 0.47081663511067556 

----- [0.6, 0.7000000000000001] [0.6777777777777777, 0.7888888888888889]
[6.026659348083833, 6.0225521012692, 5.951390285182286, 5.962577786195935, 0.9899751499088081, -0.1870353675683512]

 0.7850169021773363 0.4977403281204527 

----- [0.6, 0.8] [0.6777777777777777, 0.9]
[6.051096826400466, 6.038847889030308, 5.924107612388213, 5.944314974282051, 0.9888304377592253, -0.19651443452778283]

 0.7649022613223592 0.5446296449595749 

----- [0.7000000000000001, 0.0] [0.7888888888888889, 0.011111111111111112]
[5.868622485051041, 5.9190355192323, 6.128795759617328, 6.079253403988557, 1.0512310972069034, -0.026776003703510343]

 0.9079303756272703 0.13048580066681012 

----- [0.7000000000000001, 0.1] [0.7888888888888889, 0.12222222222222222]
[5.888221661182661, 5.931211548823343, 6.106525200027753, 6.065286925587215, 1.046677852625781, -0.05705426948215701]

 0.8760367018707875 0.24206363991732255 

----- [0.7000000000000001, 0.2] [0.7888888888888889, 0.2333333333333333]
[5.908897098066861, 5.944374066788995, 6.0831033604201155, 6.050269925950119, 1.0426193760183267, -0.08408145138698005]

 0.8585466227140067 0.2983398620820803 

----- [0.7000000000000001, 0.3] [0.7888888888888889, 0.34444444444444444]
[5.930665997145365, 5.958405784560977, 6.058531156933008, 6.034329302558518, 1.0391447916046264, -0.10838699977998799]

 0.8337497637894471 0.3714747253098788 

----- [0.7000000000000001, 0.4] [0.7888888888888889, 0.4555555555555556]
[5.95349044541611, 5.973244792647666, 6.032868618688493, 6.017534364141027, 1.036353177088867, -0.1303952885410625]

 0.797719780796607 0.4667599741355289 

----- [0.7000000000000001, 0.5] [0.7888888888888889, 0.5666666666666667]
[5.976905777216418, 5.988651903251232, 6.006568531388108, 6.000118733738669, 1.0337018740835784, -0.1519777078308608]

 0.7864446637411553 0.4945277935613317 

----- [0.7000000000000001, 0.6] [0.7888888888888889, 0.6777777777777777]
[6.001135015211397, 6.004829253057001, 5.979468056074463, 5.981930529645569, 1.0320042988951468, -0.1676576218112773]

 0.7690175740651312 0.5357421319010576 

----- [0.7000000000000001, 0.7000000000000001] [0.7888888888888889, 0.7888888888888889]
[6.0257373645636125, 6.021444337592903, 5.951984182897021, 5.963290499193093, 1.0306004749436886, -0.18080623916998512]

 0.7397484620068449 0.599463190229579 

----- [0.7000000000000001, 0.8] [0.7888888888888889, 0.9]
[6.050612164820088, 6.038382362119336, 5.924218100904506, 5.944313730426411, 1.029398452584721, -0.1922413725219111]

 0.7157704663321225 0.6474840227349659 

----- [0.8, 0.0] [0.9, 0.011111111111111112]
[5.863474868290189, 5.914171483854549, 6.133886105463415, 6.084063318597365, 1.0902043319807098, -0.024788352203145826]

 0.8665042937829383 0.27362810018350986 

----- [0.8, 0.1] [0.9, 0.12222222222222222]
[5.8833355694577145, 5.926555982021882, 6.111290316618192, 6.069827176738054, 1.0853242654084854, -0.057716364481009086]

 0.8611501879186176 0.2904943213635288 

----- [0.8, 0.2] [0.9, 0.2333333333333333]
[5.904706856953687, 5.940142675021076, 6.0871152217550835, 6.054320553242832, 1.0813702000182248, -0.08674391155789919]

 0.8482163478699057 0.3297364259991823 

----- [0.8, 0.3] [0.9, 0.34444444444444444]
[5.9274091135357985, 5.95485625787292, 6.061571375940878, 6.037641755917988, 1.078433479214704, -0.11027573633218148]

 0.8032418586096122 0.4528703147764208 

----- [0.8, 0.4] [0.9, 0.4555555555555556]
[5.95090273884371, 5.970353374406556, 6.035200624077381, 6.0201389615031555, 1.0759493066204724, -0.13078503647406253]

 0.7800827261847272 0.5099804196256832 

----- [0.8, 0.5] [0.9, 0.5666666666666667]
[5.975223158301001, 5.986606012277522, 6.008007200751307, 6.001868529386796, 1.074363004538366, -0.14605109804133712]

 0.7393915216158902 0.6002780832704524 

----- [0.8, 0.6] [0.9, 0.6777777777777777]
[5.999890617348808, 6.003279120516099, 5.98044977013782, 5.98315451406362, 1.0729836502209908, -0.15955846998957132]

 0.6999601066621874 0.6775821241245887 

----- [0.8, 0.7000000000000001] [0.9, 0.7888888888888889]
[6.024840369593708, 6.020305830574921, 5.952594435308136, 5.964066339639663, 1.0717508685695811, -0.17171457308325386]

 0.6727486509752871 0.7260879573363914 

----- [0.8, 0.8] [0.9, 0.9]
[6.050035310151071, 6.0376441636494445, 5.924483196976546, 5.944652899389277, 1.070671072161237, -0.18236422892121304]

 0.6616415058685199 0.7449286100089052 

Accuracy DIFF:  0.03175385262608443
TPR DIFF :  0.059024927800577554
FDR tau :  0.7586746175682602
Accuracy :  7047 17254 0.5915729685869944
SR tau :  0.9097675890845162
FPR tau :  0.9793189883483079
FNR tau :  0.8453627747690349
TPR tau :  0.9128559005862718
TNR tau :  0.9817416737399149
AR tau :  0.9466987632254728
FOR tau :  0.7780383847840547
PPR tau :  0.7379527272860777
NPR tau :  0.8965182358295788


Tau :  1.0
----- [0.0, 0.0] [0.01, 0.01]
[5.104897102824107, 5.0730364185627845, 4.895202754498463, 4.927011492663198, 0.012221831655414482, 0.04253669552297186]

 0.9858063703361538 0.09330032316585496 

----- [0.0, 0.1] [0.01, 0.11]
[5.1041885685380795, 5.072913297367519, 4.895913448953289, 4.927137310610137, 0.012448843289535516, 0.04486840556974049]

 0.9859533457912528 0.07718739693202395 

----- [0.0, 0.2] [0.01, 0.21]
[5.103406710846016, 5.0727097264941, 4.8966970733956945, 4.927343220834235, 0.012634676438933118, 0.04690443941362602]

 0.9861003212463518 0.05939362529152631 

----- [0.0, 0.3] [0.01, 0.31]
[5.102573322332073, 5.072402065532441, 4.897533343381362, 4.927653990335106, 0.0129472685569953, 0.04962145326149327]

 0.9860583282591807 0.06006922592825677 

----- [0.0, 0.4] [0.01, 0.41000000000000003]
[5.101621874978902, 5.071969167354945, 4.89848692113539, 4.928089234382945, 0.013180957122969326, 0.0516734710631876]

 0.9861213177399374 0.06105801538116927 

----- [0.0, 0.5] [0.01, 0.51]
[5.100613970297226, 5.07147217770954, 4.899496890087678, 4.928588467472014, 0.013408738092598928, 0.05363654182998641]

 0.986142314233523 0.06207547579262604 

----- [0.0, 0.6] [0.01, 0.61]
[5.099565725242554, 5.07092830909143, 4.900547504205162, 4.929134856123876, 0.013670767375205084, 0.05584195602446493]

 0.986142314233523 0.06252117926126738 

----- [0.0, 0.7000000000000001] [0.01, 0.71]
[5.098471749532076, 5.0703335581064595, 4.901644246422294, 4.929732512145593, 0.013976831249691431, 0.058384459393608285]

 0.986142314233523 0.06297356828193833 

----- [0.0, 0.8] [0.01, 0.81]
[5.097321194757432, 5.069677909885323, 4.902797881954083, 4.930391370014083, 0.014317247255743147, 0.061193604482482865]

 0.986142314233523 0.06327894981515508 

----- [0.0, 0.9] [0.01, 0.91]
[5.096106153373828, 5.06895422267248, 4.90401619026078, 4.931118435233827, 0.014677895458686007, 0.06415015231158766]

 0.9858903563104962 0.06219067819655191 

----- [0.1, 0.0] [0.11, 0.01]
[5.100819376426799, 5.068200714699402, 4.899239973195262, 4.931799154667033, 0.05208210855007514, 0.04538018666770011]

 0.9835597455224977 0.10242252529295243 

----- [0.1, 0.1] [0.11, 0.11]
[5.100500089848261, 5.0684608830602516, 4.899562547552014, 4.931542082735916, 0.05245230407184732, 0.048070671751088374]

 0.9835807420160834 0.08888204614999712 

----- [0.1, 0.2] [0.11, 0.21]
[5.1001286038406795, 5.068686156853002, 4.899937163059445, 4.931319917840133, 0.052804372858666446, 0.050758803664375865]

 0.9836227350032545 0.08978702713215987 

----- [0.1, 0.3] [0.11, 0.31]
[5.099774244211583, 5.068882669012105, 4.900295328327522, 4.931126522555245, 0.053231793309546284, 0.05343300860145404]

 0.9836227350032545 0.07564172511659384 

----- [0.1, 0.4] [0.11, 0.41000000000000003]
[5.099406844094873, 5.069006321075983, 4.900667749608805, 4.931005959351323, 0.05379566982032176, 0.056098854763525476]

 0.9836017385096689 0.04568305707856623 

----- [0.1, 0.5] [0.11, 0.51]
[5.098862618674354, 5.069092036712091, 4.901215096078592, 4.930923321374505, 0.0541464082173316, 0.05878137875906593]

 0.9836017385096689 0.045998132541658694 

----- [0.1, 0.6] [0.11, 0.61]
[5.098202157770509, 5.069082323855705, 4.901878057538399, 4.930936104437048, 0.0544278592268864, 0.06146520444005405]

 0.9835177525353266 0.0459901519504565 

----- [0.1, 0.7000000000000001] [0.11, 0.71]
[5.097468895421155, 5.0689768712938905, 4.902614014643617, 4.9310446064520495, 0.0547313646636075, 0.06413263045672246]

 0.9835387490289121 0.0467179399810159 

----- [0.1, 0.8] [0.11, 0.81]
[5.096679088535183, 5.068810028143032, 4.903406380033243, 4.931214470403986, 0.05501955523514046, 0.0667754037312104]

 0.9835177525353266 0.04696320770109317 

----- [0.1, 0.9] [0.11, 0.91]
[5.095849871870198, 5.068599889375668, 4.904237855747146, 4.931427595623666, 0.05527396516605867, 0.06938807718431059]

 0.9835177525353266 0.04721326672080985 

----- [0.2, 0.0] [0.21, 0.01]
[5.095435665785816, 5.062817303071035, 4.904572060538698, 4.9371311933561906, 0.09099573847765574, 0.0453150665427581]

 0.9834547630545699 0.09883357735480722 

----- [0.2, 0.1] [0.21, 0.11]
[5.096146968043798, 5.063746688854047, 4.903867776041387, 4.936204500712747, 0.0917865626268532, 0.04761719461738501]

 0.9833287840930565 0.09927872647767878 

----- [0.2, 0.2] [0.21, 0.21]
[5.0965590885457654, 5.064573042621078, 4.903461332349031, 4.935380959036374, 0.0924264336330167, 0.049993849226327707]

 0.9832447981187141 0.09941950730590467 

----- [0.2, 0.3] [0.21, 0.31]
[5.096925972644228, 5.065258424209306, 4.903102316760937, 4.934698438991682, 0.09331356868632491, 0.05240681513569151]

 0.9832657946122998 0.08569204825528602 

----- [0.2, 0.4] [0.21, 0.41000000000000003]
[5.096979427676558, 5.065914946171813, 4.903053761262686, 4.934044796093414, 0.0938660310865739, 0.054895942276860794]

 0.9832657946122998 0.08666316618535048 

----- [0.2, 0.5] [0.21, 0.51]
[5.994664034202984, 6.005380303551583, 6.003231048749376, 5.993291906455832, 0.8519553329318434, -0.07157441509099129]

 0.9293677955781384 0.03984576703091892 

----- [0.2, 0.6] [0.21, 0.61]
[6.015346818948868, 6.018427789199423, 5.982540195442217, 5.980239821716931, 0.8510444546211617, -0.07559947166455627]

 0.9293677955781384 0.0395099991234734 

----- [0.2, 0.7000000000000001] [0.21, 0.71]
[6.036273119578831, 6.03163684234439, 5.9616097118097935, 5.967029630385365, 0.8505722259133991, -0.07659564939169226]

 0.9293467990845529 0.039679639538056866 

----- [0.2, 0.8] [0.21, 0.81]
[6.057342898281584, 6.044901346545611, 5.940539816116333, 5.953766778752104, 0.8505590185625747, -0.07514858261128786]

 0.9293467990845529 0.03976357770822814 

----- [0.2, 0.9] [0.21, 0.91]
[6.078446105847958, 6.058149209473637, 5.919439991965981, 5.940522835738073, 0.8509409801249702, -0.07171657009275367]

 0.9293258025909673 0.039849235650464596 

----- [0.3, 0.0] [0.31, 0.01]
[5.892891821209844, 5.939750817192751, 6.10503314935479, 6.058923273578319, 0.9001214605911632, -0.025372503851222337]

 0.9292208201230394 0.041533736857072616 

----- [0.3, 0.1] [0.31, 0.11]
[5.9106605472454605, 5.951662853700455, 6.087233651649293, 6.0469990663873965, 0.8966475764868537, -0.03595310383644969]

 0.9291788271358683 0.041788239744634276 

----- [0.3, 0.2] [0.31, 0.21]
[5.929528788029971, 5.9638073038935255, 6.068338852953851, 6.034840129922801, 0.8936493932523989, -0.0486027888363247]

 0.9291998236294539 0.04153554196537185 

----- [0.3, 0.3] [0.31, 0.31]
[5.949421588397797, 5.976444739697828, 6.048425866419216, 6.0221903090175894, 0.8913705307570736, -0.059438092685643595]

 0.9292628131102106 0.04102803288163894 

----- [0.3, 0.4] [0.31, 0.41000000000000003]
[5.970351958421428, 5.989593391236504, 6.027485793746655, 6.0090335638423475, 0.890275176550214, -0.06650897321733981]

 0.9292208201230394 0.041282734336613995 

----- [0.3, 0.5] [0.31, 0.51]
[5.991650153069575, 6.003061030799897, 6.006181457476258, 5.9955610786807405, 0.8895818347941379, -0.07074665298690372]

 0.9291158376551116 0.04179368777901931 

----- [0.3, 0.6] [0.31, 0.61]
[6.013212343725558, 6.016686814490035, 5.984616813544475, 5.981932165669362, 0.8893048788927312, -0.07348079561149254]

 0.9290318516807693 0.04280350862273038 

----- [0.3, 0.7000000000000001] [0.31, 0.71]
[6.034871890484446, 6.030431970458063, 5.962956267633111, 5.968185584550805, 0.8891920822917888, -0.07472617478663678]

 0.9288428832384992 0.04382108238727734 

----- [0.3, 0.8] [0.31, 0.81]
[6.056575763104874, 6.044239843060841, 5.941252721463762, 5.954378116056257, 0.8892289361007266, -0.0743720222938426]

 0.9287379007705713 0.04399723038830007 

----- [0.3, 0.9] [0.31, 0.91]
[6.078284997357583, 6.058051134750922, 5.919545431368159, 5.940568826446678, 0.8894484164362241, -0.07261954410505264]

 0.9288638797320847 0.04323563500599391 

----- [0.4, 0.0] [0.41000000000000003, 0.01]
[5.8866239654714665, 5.93461443263351, 6.111236516961464, 6.064006157137925, 0.937633295588303, -0.027511804403645864]

 0.9291368341486972 0.042376827633420884 

----- [0.4, 0.1] [0.41000000000000003, 0.11]
[5.904714544291229, 5.946932491368106, 6.0931119777952, 6.0516749690727645, 0.9337994344364132, -0.03893273098529849]

 0.9290948411615261 0.042714477782629066 

----- [0.4, 0.2] [0.41000000000000003, 0.21]
[5.925013988018152, 5.959921066452034, 6.072795035304801, 6.038675214057963, 0.9318239590441646, -0.0486944509850856]

 0.9289478657064271 0.04431111275639503 

----- [0.4, 0.3] [0.41000000000000003, 0.31]
[5.946176087996366, 5.973393141138144, 6.051622484559972, 6.025195344340246, 0.9306441481351068, -0.05550958183779264]

 0.9274991076490227 0.05164976955939839 

----- [0.4, 0.4] [0.41000000000000003, 0.41000000000000003]
[5.967821438022269, 5.9871145743834315, 6.029971396615667, 6.011467836883418, 0.9299963814286338, -0.06081000840049447]

 0.9204232893106852 0.08150030102181839 

----- [0.4, 0.5] [0.41000000000000003, 0.51]
[5.989637559029958, 6.001026081324821, 6.008150823718072, 5.997551826371669, 0.9294937974157932, -0.06474607771068731]

 0.9087282423835219 0.12622361606103163 

----- [0.4, 0.6] [0.41000000000000003, 0.61]
[6.011629637995206, 6.015086319037178, 5.986156490492119, 5.98348857987971, 0.9292393087806244, -0.067373581911956]

 0.8987969009175467 0.16269385312370596 

----- [0.4, 0.7000000000000001] [0.41000000000000003, 0.71]
[6.033684166206974, 6.029262966344272, 5.9640999987602505, 5.969310456738985, 0.9290176425130261, -0.06866463303327193]

 0.8915321141369391 0.18861677899021817 

----- [0.4, 0.8] [0.41000000000000003, 0.81]
[6.055813875749977, 6.043503204920954, 5.941970059545257, 5.955070369627054, 0.9289917143187157, -0.06853182445291155]

 0.8874168013941672 0.20285915735422202 

----- [0.4, 0.9] [0.41000000000000003, 0.91]
[6.077970476247744, 6.05775985485766, 5.919815364026568, 5.940815693426207, 0.9292067717579185, -0.06680401435870727]

 0.890314317508976 0.1925112307298791 

----- [0.5, 0.0] [0.51, 0.01]
[5.879836198536922, 5.929338718058459, 6.117955453266329, 6.069227992578934, 0.9746548964706648, -0.029988837956156703]

 0.9290738446679404 0.04296666739120915 

----- [0.5, 0.1] [0.51, 0.11]
[5.899894980565656, 5.942489074701938, 6.0978753773118, 6.056065927374193, 0.9722509765090905, -0.04017308237000529]

 0.9288428832384992 0.04498609828835336 

----- [0.5, 0.2] [0.51, 0.21]
[5.921155428013229, 5.956166372717811, 6.076602263142704, 6.042379312202785, 0.9708210013747515, -0.04830905025235985]

 0.9242026581560879 0.06626338561087022 

----- [0.5, 0.3] [0.51, 0.31]
[5.943010130105214, 5.970115398858522, 6.054740107826859, 6.028422589291438, 0.9699795899136112, -0.05502138134402222]

 0.9064186280891091 0.13541288255779338 

----- [0.5, 0.4] [0.51, 0.41000000000000003]
[5.9651320638074585, 5.984315850166522, 6.032612691105869, 6.0142160699331715, 0.9693605994052937, -0.060315811437216336]

 0.8815167866966217 0.2234782865815596 

----- [0.5, 0.5] [0.51, 0.51]
[5.9873200107943365, 5.998725152147802, 6.010418200142882, 5.999802230037124, 0.9686218349855353, -0.06428550724170069]

 0.868666932622252 0.2660536777691866 

----- [0.5, 0.6] [0.51, 0.61]
[6.009660117685335, 6.013260968101276, 5.9880722904559525, 5.985263018490757, 0.9679667440853613, -0.06725788437114481]

 0.864656602347408 0.2789884851671173 

----- [0.5, 0.7000000000000001] [0.51, 0.71]
[6.032174810323708, 6.02790029951845, 5.965553814265349, 5.970621555352875, 0.9675396102234017, -0.0691238989133216]

 0.8627879144182922 0.2848758991134011 

----- [0.5, 0.8] [0.51, 0.81]
[6.054833991767819, 6.042637034914308, 5.942893578170399, 5.955884576568142, 0.9674205482795598, -0.06933684248234397]

 0.8623889810401663 0.28606151475630404 

----- [0.5, 0.9] [0.51, 0.91]
[6.077549608359696, 6.057409966213664, 5.920179694512966, 5.941113638150229, 0.967616183209394, -0.06759214290501168]

 0.8628089109118777 0.2847560643367456 

----- [0.6, 0.0] [0.61, 0.01]
[5.8739602048254795, 5.924196042253655, 6.1237708815556715, 6.074317111377068, 1.0126095759298068, -0.032198949798933285]

 0.9289688622000126 0.04397623934326749 

----- [0.6, 0.1] [0.61, 0.11]
[5.895297427646256, 5.937987545277058, 6.102419079377084, 6.0605141705272585, 1.0109636789016927, -0.04214613651528527]

 0.9270791777773112 0.054074237282137214 

----- [0.6, 0.2] [0.61, 0.21]
[5.917326119727251, 5.9521322090027695, 6.08038095447035, 6.046359796787262, 1.0098987856521382, -0.050601730857506154]

 0.9097780670628005 0.12297310567525505 

----- [0.6, 0.3] [0.61, 0.31]
[5.939505747328769, 5.966612013634717, 6.058191156225241, 6.031872063544178, 1.0087505984457374, -0.0575327233325062]

 0.8814118042286938 0.22382873567493458 

----- [0.6, 0.4] [0.61, 0.41000000000000003]
[5.961959833701522, 5.981319880061289, 6.03572841256307, 6.017157815644778, 1.0077732572494906, -0.06311610808003658]

 0.8667142587187939 0.27251988530794713 

----- [0.6, 0.5] [0.61, 0.51]
[5.984594238103482, 5.996174499762039, 6.0130860605785745, 6.002297869064408, 1.0068760364780391, -0.06777446457030216]

 0.8602053457072669 0.2932471374095234 

----- [0.6, 0.6] [0.61, 0.61]
[6.007409934923119, 6.01117470219845, 5.990262968094282, 5.987293309772302, 1.006041122975008, -0.0715868951223664]

 0.8571398576437734 0.30263535774573735 

----- [0.6, 0.7000000000000001] [0.61, 0.71]
[6.0304996285241685, 6.026362352157692, 5.967168672313786, 5.972102971685446, 1.005521572406798, -0.0739400166902709]

 0.8563209943939363 0.3050734541571927 

----- [0.6, 0.8] [0.61, 0.81]
[6.053760716330562, 6.041664201205097, 5.943906270058239, 5.956800642382663, 1.0053731812339497, -0.07436029642855603]

 0.8560480399773238 0.30590207159078825 

----- [0.6, 0.9] [0.61, 0.91]
[6.077081347297025, 6.057003969767378, 5.920587302662532, 5.941462801558657, 1.0055609855406336, -0.07267265523344502]

 0.8561950154324228 0.3054036848412223 

----- [0.7000000000000001, 0.0] [0.71, 0.01]
[5.8691065651365575, 5.919446805047458, 6.128574746144848, 6.079017396094057, 1.0517823999349665, -0.030377656888863132]

 0.926008356604447 0.0591708464666975 

----- [0.7000000000000001, 0.1] [0.71, 0.11]
[5.890849755046594, 5.933508599458544, 6.106815623129111, 6.064941333738947, 1.0499836751915408, -0.04279909608836995]

 0.9127385726583661 0.11187272478126158 

----- [0.7000000000000001, 0.2] [0.71, 0.21]
[5.913081918075455, 5.94805323005602, 6.0845699232037935, 6.050385218122008, 1.048455463989902, -0.05282323745419054]

 0.8868498960673568 0.20542911080819143 

----- [0.7000000000000001, 0.3] [0.71, 0.31]
[5.935772018338249, 5.962986959185876, 6.061869323132759, 6.0354427106609085, 1.0472701166228782, -0.06049338662774296]

 0.867890062359586 0.26868924027653646 

----- [0.7000000000000001, 0.4] [0.71, 0.41000000000000003]
[5.958707754509794, 5.9781436432386466, 6.038924223232373, 6.020278683998468, 1.0462130238506853, -0.06690827289722685]

 0.8594914649253574 0.2954426577495544 

----- [0.7000000000000001, 0.5] [0.71, 0.51]
[5.981765608371072, 5.993499947810222, 6.015855822951775, 6.004916238085729, 1.045022414433941, -0.07228394837279314]

 0.8535914502278119 0.31363221365313315 

----- [0.7000000000000001, 0.6] [0.71, 0.61]
[6.0052545891354425, 6.009086990706827, 5.992360923895322, 5.989324702050066, 1.0443542848973986, -0.07621526077071254]

 0.8483003338442481 0.3293393744952644 

----- [0.7000000000000001, 0.7000000000000001] [0.71, 0.71]
[6.028977803262329, 6.024862520560013, 5.968634814606112, 5.9735469680380575, 1.0440274433973429, -0.07814402059762042]

 0.8436811052554223 0.34290752525284757 

----- [0.7000000000000001, 0.8] [0.71, 0.81]
[6.052816154548077, 6.040736581573298, 5.944796093029453, 5.957673024272811, 1.0439856404090593, -0.07804118055058942]

 0.8391248661473534 0.35607695097828357 

----- [0.7000000000000001, 0.9] [0.71, 0.91]
[6.0766843375543536, 6.0566275717861915, 5.920929920292487, 5.941784238585659, 1.0442125843123053, -0.07611108432203344]

 0.8374451466605077 0.36086216909906016 

----- [0.8, 0.0] [0.81, 0.01]
[5.864345280033405, 5.914810637514908, 6.133288318890622, 6.083607093841192, 1.0911880919771597, -0.026391032143156943]

 0.8800260356520461 0.2292915544645641 

----- [0.8, 0.1] [0.81, 0.11]
[5.886383282688815, 5.929125506785075, 6.11123226382118, 6.0692754940167175, 1.0891501136455555, -0.04096220400975812]

 0.8706196065257102 0.2600514620770663 

----- [0.8, 0.2] [0.81, 0.21]
[5.908863747585335, 5.943949720449058, 6.088734823899792, 6.054436803684512, 1.0872337642355896, -0.05361130442538897]

 0.8660633674176412 0.2746825373491932 

----- [0.8, 0.3] [0.81, 0.31]
[5.931880206291017, 5.959241535214097, 6.06570452680158, 6.03913344683196, 1.0856715164254676, -0.06370355916316556]

 0.8604992966174649 0.2922877635062627 

----- [0.8, 0.4] [0.81, 0.41000000000000003]
[5.955357479272962, 5.974905557177109, 6.042217080388504, 6.02346094697217, 1.084523014497929, -0.07111458157924856]

 0.8526256115228756 0.31653051917972996 

----- [0.8, 0.5] [0.81, 0.51]
[5.97922742179717, 5.990897478612474, 6.01834032209559, 6.007463203361646, 1.0837535667674731, -0.07620760881481932]

 0.8404686417368299 0.352371015412158 

----- [0.8, 0.6] [0.81, 0.61]
[6.003357792949716, 6.007120788347703, 5.994205885801074, 5.991236526500996, 1.0832946435864248, -0.0791546321691832]

 0.8241333697272555 0.39799804063384553 

----- [0.8, 0.7000000000000001] [0.81, 0.71]
[6.0276306460343925, 6.023468183373637, 5.96993104927058, 5.974887705459498, 1.0830707278486822, -0.080402803724382]

 0.8065173116089613 0.4444579554098712 

----- [0.8, 0.8] [0.81, 0.81]
[6.0519780448150895, 6.0398767521426215, 5.945583508061713, 5.958479458169571, 1.083054648807785, -0.08012111969543691]

 0.8012681882125685 0.4578129727938502 

----- [0.8, 0.9] [0.81, 0.91]
[6.0763475218285565, 6.056296217978599, 5.9212159243931035, 5.942062179639896, 1.083268392843383, -0.0782060444115654]

 0.7991055493732546 0.4632336379075336 

----- [0.9, 0.0] [0.91, 0.01]
[5.858993584697848, 5.909660181083677, 6.138586440633069, 6.088705989532799, 1.129932095973321, -0.02686663734353818]

 0.8627039284439498 0.2858446819470491 

----- [0.9, 0.1] [0.91, 0.11]
[5.881446610666762, 5.924398105427931, 6.116114002255132, 6.0739502837299, 1.1277405846731676, -0.04236635860152395]

 0.8595334579125287 0.29568711289806776 

----- [0.9, 0.2] [0.91, 0.21]
[5.904541155541018, 5.939730050729511, 6.0930032201506785, 6.058603545752606, 1.125907526576568, -0.05529088392192927]

 0.8545572889327482 0.31093083783213643 

----- [0.9, 0.3] [0.91, 0.31]
[5.928293699930774, 5.955585848089097, 6.069239220688651, 6.042736235220547, 1.1246143372393647, -0.06535161670833098]

 0.8437230982425935 0.3429308111705421 

----- [0.9, 0.4] [0.91, 0.41000000000000003]
[5.952399149981142, 5.971844266425988, 6.0451244035698535, 6.026469205168247, 1.1235568674349505, -0.07288676285211941]

 0.8273878262330191 0.38916235139201183 

----- [0.9, 0.5] [0.91, 0.51]
[5.976852042767623, 5.988366937933355, 6.020665488091898, 6.00993993049609, 1.1228769520049262, -0.07866029707377177]

 0.8072731853780419 0.4425985758115031 

----- [0.9, 0.6] [0.91, 0.61]
[6.001502852831268, 6.005111858505038, 5.996010785014344, 5.993190888076891, 1.1224374607520622, -0.08226648226884643]

 0.7978247632645348 0.466571745665758 

----- [0.9, 0.7000000000000001] [0.91, 0.71]
[6.026277986244438, 6.022000454305044, 5.971233376322953, 5.976300295386694, 1.1221805993839333, -0.08401435466616176]

 0.7917567766183047 0.48161872660827443 

----- [0.9, 0.8] [0.91, 0.81]
[6.051135811931774, 6.038965559416045, 5.946375280885853, 5.959335196058504, 1.1221501467160158, -0.0840091499834737]

 0.7877044533562895 0.49146840270377623 

----- [0.9, 0.9] [0.91, 0.91]
[6.076016227091424, 6.05594635707281, 5.921496771681353, 5.942356526604046, 1.1223653143584498, -0.08214574174221138]

 0.7864446637411553 0.49462939930773786 

Accuracy DIFF:  0.027607670131397866
TPR DIFF :  0.06497568019455846
FDR tau :  0.760071827844875
Accuracy :  7033 17254 0.5923843746377652
SR tau :  0.8968406876511336
FPR tau :  0.9636291659754278
FNR tau :  0.8348624739241288
TPR tau :  0.9032396797102679
TNR tau :  0.9689897847505282
AR tau :  0.9536791940076804
FOR tau :  0.7781604719764011
PPR tau :  0.7407036434205584
NPR tau :  0.8958620437535727


